
> @vben/web-antd@5.3.2 build D:\Projects\VSProject\Ruoyi\Ruoyi-AI\ruoyi-admin\apps\web-antd
> pnpm vite build --mode production

[33mThe CJS build of Vite's Node API is deprecated. See https://vitejs.dev/guide/troubleshooting.html#vite-cjs-node-api-deprecated for more details.[39m
[36mvite v5.4.8 [32mbuilding for production...[36m[39m

 WARN  Browserslist: caniuse-lite is outdated. Please run:
  npx update-browserslist-db@latest
  Why you should do it regularly: https://github.com/browserslist/update-db#readme

transforming...
[32m✓[39m 7366 modules transformed.
rendering chunks...
✨configuration file is build successfully!
[2mdist/[22m[32m_app.config.js                                                               [39m[1m[2m  0.99 kB[22m[1m[22m
[2mdist/[22m[32mindex.html                                                                   [39m[1m[2m  2.29 kB[22m[1m[22m
[2mdist/[22m[35mcss/index-B7dRb_UQ.css                                                       [39m[1m[2m  0.04 kB[22m[1m[22m
[2mdist/[22m[35mcss/oss-config-drawer-KJM88cOI.css                                           [39m[1m[2m  0.05 kB[22m[1m[22m
[2mdist/[22m[35mcss/tenant-drawer-2NlAS0SW.css                                               [39m[1m[2m  0.05 kB[22m[1m[22m
[2mdist/[22m[35mcss/account-bind-CNR-8dYR.css                                                [39m[1m[2m  0.05 kB[22m[1m[22m
[2mdist/[22m[35mcss/index-BFVquuHj.css                                                       [39m[1m[2m  0.07 kB[22m[1m[22m
[2mdist/[22m[35mcss/basic-crw2NVUi.css                                                       [39m[1m[2m  0.11 kB[22m[1m[22m
[2mdist/[22m[35mcss/code-preview-modal-BAKo3GCD.css                                          [39m[1m[2m  0.12 kB[22m[1m[22m
[2mdist/[22m[35mcss/client-drawer-B6lNRqkE.css                                               [39m[1m[2m  0.14 kB[22m[1m[22m
[2mdist/[22m[35mcss/modal-drawer-DXUqVqxk.css                                                [39m[1m[2m  0.14 kB[22m[1m[22m
[2mdist/[22m[35mcss/secret-input-Fl5a4Hp5.css                                                [39m[1m[2m  0.15 kB[22m[1m[22m
[2mdist/[22m[35mcss/authentication-D1Nbm019.css                                              [39m[1m[2m  0.30 kB[22m[1m[22m
[2mdist/[22m[35mcss/loading-CUXMRikI.css                                                     [39m[1m[2m  0.56 kB[22m[1m[22m
[2mdist/[22m[35mcss/theme-toggle-BEdL0lgy.css                                                [39m[1m[2m  1.52 kB[22m[1m[22m
[2mdist/[22m[35mcss/render-C86NXFAI.css                                                      [39m[1m[2m  3.63 kB[22m[1m[22m
[2mdist/[22m[35mcss/profile-panel-DlROxZJS.css                                               [39m[1m[2m  5.16 kB[22m[1m[22m
[2mdist/[22m[35mcss/layout-eFMksPLa.css                                                      [39m[1m[2m 17.59 kB[22m[1m[22m
[2mdist/[22m[35mcss/use-vxe-grid-BCP-5NN2.css                                                [39m[1m[2m 21.49 kB[22m[1m[22m
[2mdist/[22m[35mcss/bootstrap-DTOPB6gi.css                                                   [39m[1m[2m112.21 kB[22m[1m[22m
[2mdist/[22m[35mcss/vxe-table-DCXHvXAG.css                                                   [39m[1m[2m194.51 kB[22m[1m[22m
[2mdist/[22m[36mjs/mitt-BqA_wVvo.mjs                                                         [39m[1m[2m  0.06 kB[22m[1m[22m
[2mdist/[22m[36mjs/get-popup-container-BwMHEyJY.mjs                                          [39m[1m[2m  0.10 kB[22m[1m[22m
[2mdist/[22m[36mjs/login-CeGqiq7M.mjs                                                        [39m[1m[2m  0.10 kB[22m[1m[22m
[2mdist/[22m[36mjs/mitt-DZbos8MC.mjs                                                         [39m[1m[2m  0.10 kB[22m[1m[22m
[2mdist/[22m[36mjs/get-vP85LLZV.mjs                                                          [39m[1m[2m  0.13 kB[22m[1m[22m
[2mdist/[22m[36mjs/index-CwvHP01g.mjs                                                        [39m[1m[2m  0.13 kB[22m[1m[22m
[2mdist/[22m[36mjs/eagerComputed-Bboi8kUT.mjs                                                [39m[1m[2m  0.15 kB[22m[1m[22m
[2mdist/[22m[36mjs/x-BK4QZNWW.mjs                                                            [39m[1m[2m  0.16 kB[22m[1m[22m
[2mdist/[22m[36mjs/useFlexGapSupport-UdCnRdDh.mjs                                            [39m[1m[2m  0.18 kB[22m[1m[22m
[2mdist/[22m[36mjs/rotate-cw-gdMJED4-.mjs                                                    [39m[1m[2m  0.21 kB[22m[1m[22m
[2mdist/[22m[36mjs/gen-success-S485gagm.mjs                                                  [39m[1m[2m  0.21 kB[22m[1m[22m
[2mdist/[22m[36mjs/analytics-trends-BsEalxzv.mjs                                             [39m[1m[2m  0.22 kB[22m[1m[22m
[2mdist/[22m[36mjs/analytics-visits-DwuRGGgH.mjs                                             [39m[1m[2m  0.22 kB[22m[1m[22m
[2mdist/[22m[36mjs/analytics-visits-data-BD8P5SE2.mjs                                        [39m[1m[2m  0.22 kB[22m[1m[22m
[2mdist/[22m[36mjs/analytics-visits-sales-BR0ppyd3.mjs                                       [39m[1m[2m  0.22 kB[22m[1m[22m
[2mdist/[22m[36mjs/analytics-visits-source-CGh5lfsj.mjs                                      [39m[1m[2m  0.23 kB[22m[1m[22m
[2mdist/[22m[36mjs/index-DFI9At5K.mjs                                                        [39m[1m[2m  0.27 kB[22m[1m[22m
[2mdist/[22m[36mjs/useBreakpoint-B7o6jFLY.mjs                                                [39m[1m[2m  0.27 kB[22m[1m[22m
[2mdist/[22m[36mjs/index-SjRPCEXk.mjs                                                        [39m[1m[2m  0.28 kB[22m[1m[22m
[2mdist/[22m[36mjs/coming-soon-wZGfTxwa.mjs                                                  [39m[1m[2m  0.34 kB[22m[1m[22m
[2mdist/[22m[36mjs/index-CzbPtRhx.mjs                                                        [39m[1m[2m  0.34 kB[22m[1m[22m
[2mdist/[22m[36mjs/not-found-CkxaGJTm.mjs                                                    [39m[1m[2m  0.35 kB[22m[1m[22m
[2mdist/[22m[36mjs/forbidden-CJiX2mKW.mjs                                                    [39m[1m[2m  0.35 kB[22m[1m[22m
[2mdist/[22m[36mjs/common-CiY63HOE.mjs                                                       [39m[1m[2m  0.35 kB[22m[1m[22m
[2mdist/[22m[36mjs/internal-error-DRZokaVP.mjs                                               [39m[1m[2m  0.36 kB[22m[1m[22m
[2mdist/[22m[36mjs/offline-DryRTztZ.mjs                                                      [39m[1m[2m  0.36 kB[22m[1m[22m
[2mdist/[22m[36mjs/index-D_2UN8wt.mjs                                                        [39m[1m[2m  0.36 kB[22m[1m[22m
[2mdist/[22m[36mjs/index-C1rOwJzx.mjs                                                        [39m[1m[2m  0.36 kB[22m[1m[22m
[2mdist/[22m[36mjs/index-DoAUcSnz.mjs                                                        [39m[1m[2m  0.36 kB[22m[1m[22m
[2mdist/[22m[36mjs/index-Bj-7uurh.mjs                                                        [39m[1m[2m  0.36 kB[22m[1m[22m
[2mdist/[22m[36mjs/index-pAmBwrEC.mjs                                                        [39m[1m[2m  0.36 kB[22m[1m[22m
[2mdist/[22m[36mjs/index-DyjMynQw.mjs                                                        [39m[1m[2m  0.36 kB[22m[1m[22m
[2mdist/[22m[36mjs/index-BRItjnV5.mjs                                                        [39m[1m[2m  0.36 kB[22m[1m[22m
[2mdist/[22m[36mjs/index-CKX9kjxt.mjs                                                        [39m[1m[2m  0.36 kB[22m[1m[22m
[2mdist/[22m[36mjs/myDocument-DYQ46RzE.mjs                                                   [39m[1m[2m  0.36 kB[22m[1m[22m
[2mdist/[22m[36mjs/taskFinish-C3NQuwJh.mjs                                                   [39m[1m[2m  0.36 kB[22m[1m[22m
[2mdist/[22m[36mjs/taskWaiting-dy5DG2ad.mjs                                                  [39m[1m[2m  0.36 kB[22m[1m[22m
[2mdist/[22m[36mjs/isPlainObject-D3JZnYxx.mjs                                                [39m[1m[2m  0.37 kB[22m[1m[22m
[2mdist/[22m[36mjs/allTaskWaiting-BsnNrKiZ.mjs                                               [39m[1m[2m  0.37 kB[22m[1m[22m
[2mdist/[22m[36mjs/taskCopyList-3xuGnTck.mjs                                                 [39m[1m[2m  0.37 kB[22m[1m[22m
[2mdist/[22m[36mjs/mitt-D4bcW7KS.mjs                                                         [39m[1m[2m  0.39 kB[22m[1m[22m
[2mdist/[22m[36mjs/uuid-BthZQwsx.mjs                                                         [39m[1m[2m  0.42 kB[22m[1m[22m
[2mdist/[22m[36mjs/useMergedState-DtLgCtQF.mjs                                               [39m[1m[2m  0.49 kB[22m[1m[22m
[2mdist/[22m[36mjs/dept-tree-D74ipzVh.mjs                                                    [39m[1m[2m  0.50 kB[22m[1m[22m
[2mdist/[22m[36mjs/index-Dp5S5Jis.mjs                                                        [39m[1m[2m  0.51 kB[22m[1m[22m
[2mdist/[22m[36mjs/index-CFKk8jMF.mjs                                                        [39m[1m[2m  0.52 kB[22m[1m[22m
[2mdist/[22m[36mjs/index-ChAStMcI.mjs                                                        [39m[1m[2m  0.52 kB[22m[1m[22m
[2mdist/[22m[36mjs/dict-type-SUN05zMk.mjs                                                    [39m[1m[2m  0.53 kB[22m[1m[22m
[2mdist/[22m[36mjs/create-icon-DyKWIynC.mjs                                                  [39m[1m[2m  0.56 kB[22m[1m[22m
[2mdist/[22m[36mjs/index-YggHP7OK.mjs                                                        [39m[1m[2m  0.58 kB[22m[1m[22m
[2mdist/[22m[36mjs/index-DV03ZwLB.mjs                                                        [39m[1m[2m  0.58 kB[22m[1m[22m
[2mdist/[22m[36mjs/index-BQjO2Nl8.mjs                                                        [39m[1m[2m  0.63 kB[22m[1m[22m
[2mdist/[22m[36mjs/colors-DLErT_a-.mjs                                                       [39m[1m[2m  0.63 kB[22m[1m[22m
[2mdist/[22m[36mjs/pick-TUD3VTZU.mjs                                                         [39m[1m[2m  0.63 kB[22m[1m[22m
[2mdist/[22m[36mjs/index-DV4CYNzU.mjs                                                        [39m[1m[2m  0.63 kB[22m[1m[22m
[2mdist/[22m[36mjs/auth-DpDSvIw3.mjs                                                         [39m[1m[2m  0.66 kB[22m[1m[22m
[2mdist/[22m[36mjs/analytics-visits.vue_vue_type_script_setup_true_lang-BvFGfddu.mjs         [39m[1m[2m  0.67 kB[22m[1m[22m
[2mdist/[22m[36mjs/analytics-visits-sales.vue_vue_type_script_setup_true_lang-Hz5Elo9h.mjs   [39m[1m[2m  0.72 kB[22m[1m[22m
[2mdist/[22m[36mjs/zh-CN-BkSXneBQ.mjs                                                        [39m[1m[2m  0.76 kB[22m[1m[22m
[2mdist/[22m[36mjs/dict-D8K1MO7Q.mjs                                                         [39m[1m[2m  0.77 kB[22m[1m[22m
[2mdist/[22m[36mjs/tag-style-picker-CooLdGoX.mjs                                             [39m[1m[2m  0.77 kB[22m[1m[22m
[2mdist/[22m[36mjs/index-CS4ZLkSY.mjs                                                        [39m[1m[2m  0.78 kB[22m[1m[22m
[2mdist/[22m[36mjs/analytics-visits-data.vue_vue_type_script_setup_true_lang-Bl3F09RR.mjs    [39m[1m[2m  0.81 kB[22m[1m[22m
[2mdist/[22m[36mjs/RedisDescription-6oqoG507.mjs                                             [39m[1m[2m  0.83 kB[22m[1m[22m
[2mdist/[22m[36mjs/CommandChart-BzT1NmXt.mjs                                                 [39m[1m[2m  0.85 kB[22m[1m[22m
[2mdist/[22m[36mjs/analytics-visits-source.vue_vue_type_script_setup_true_lang-DFBcZU4W.mjs  [39m[1m[2m  0.87 kB[22m[1m[22m
[2mdist/[22m[36mjs/en-CkQ7uQ4O.mjs                                                           [39m[1m[2m  0.87 kB[22m[1m[22m
[2mdist/[22m[36mjs/download-BHYXKq0m.mjs                                                     [39m[1m[2m  0.88 kB[22m[1m[22m
[2mdist/[22m[36mjs/icon.vue_vue_type_script_setup_true_lang-fivSW_wP.mjs                     [39m[1m[2m  0.88 kB[22m[1m[22m
[2mdist/[22m[36mjs/data-CRYXvPFo.mjs                                                         [39m[1m[2m  0.89 kB[22m[1m[22m
[2mdist/[22m[36mjs/tree-DR0G1ezI.mjs                                                         [39m[1m[2m  0.93 kB[22m[1m[22m
[2mdist/[22m[36mjs/index-DxROXI-t.mjs                                                        [39m[1m[2m  0.97 kB[22m[1m[22m
[2mdist/[22m[36mjs/oauth-common-D_5ndZBU.mjs                                                 [39m[1m[2m  0.98 kB[22m[1m[22m
[2mdist/[22m[36mjs/MemoryChart-CtXp7mY2.mjs                                                  [39m[1m[2m  0.98 kB[22m[1m[22m
[2mdist/[22m[36mjs/CheckOutlined-CIq9xGup.mjs                                                [39m[1m[2m  1.02 kB[22m[1m[22m
[2mdist/[22m[36mjs/en-US-CTYW7bPu.mjs                                                        [39m[1m[2m  1.04 kB[22m[1m[22m
[2mdist/[22m[36mjs/analytics-trends.vue_vue_type_script_setup_true_lang-VaWj12Rk.mjs         [39m[1m[2m  1.04 kB[22m[1m[22m
[2mdist/[22m[36mjs/data-DxgwJFfP.mjs                                                         [39m[1m[2m  1.05 kB[22m[1m[22m
[2mdist/[22m[36mjs/responsiveObserve-CKY_yQR9.mjs                                            [39m[1m[2m  1.08 kB[22m[1m[22m
[2mdist/[22m[36mjs/login-info-modal-Csrl7Wt6.mjs                                             [39m[1m[2m  1.10 kB[22m[1m[22m
[2mdist/[22m[36mjs/OperationPreviewDrawer-X7CLAL7V.mjs                                       [39m[1m[2m  1.11 kB[22m[1m[22m
[2mdist/[22m[36mjs/user-import-modal-C8JJ0azS.mjs                                            [39m[1m[2m  1.11 kB[22m[1m[22m
[2mdist/[22m[36mjs/index-CwX3_37I.mjs                                                        [39m[1m[2m  1.12 kB[22m[1m[22m
[2mdist/[22m[36mjs/index-CD2lGoaG.mjs                                                        [39m[1m[2m  1.12 kB[22m[1m[22m
[2mdist/[22m[36mjs/user-info-modal-BQQz7P60.mjs                                              [39m[1m[2m  1.13 kB[22m[1m[22m
[2mdist/[22m[36mjs/FormItemContext-D-XKVqk8.mjs                                              [39m[1m[2m  1.13 kB[22m[1m[22m
[2mdist/[22m[36mjs/icon-button.vue_vue_type_script_setup_true_lang-BMSbb8G-.mjs              [39m[1m[2m  1.16 kB[22m[1m[22m
[2mdist/[22m[36mjs/loading-7m7uS9S_.mjs                                                      [39m[1m[2m  1.17 kB[22m[1m[22m
[2mdist/[22m[36mjs/RedisDescription.vue_vue_type_script_setup_true_lang-Jgz5RLjI.mjs         [39m[1m[2m  1.19 kB[22m[1m[22m
[2mdist/[22m[36mjs/analysis-chart-card.vue_vue_type_script_setup_true_lang-5KC_my12.mjs      [39m[1m[2m  1.21 kB[22m[1m[22m
[2mdist/[22m[36mjs/online-device.vue_vue_type_script_setup_true_lang-k4cRCUhY.mjs            [39m[1m[2m  1.26 kB[22m[1m[22m
[2mdist/[22m[36mjs/secret-input-CtJCNzVx.mjs                                                 [39m[1m[2m  1.30 kB[22m[1m[22m
[2mdist/[22m[36mjs/EyeOutlined-Bhfo9c26.mjs                                                  [39m[1m[2m  1.31 kB[22m[1m[22m
[2mdist/[22m[36mjs/dept-tree.vue_vue_type_script_setup_true_lang-DklYYW4o.mjs                [39m[1m[2m  1.42 kB[22m[1m[22m
[2mdist/[22m[36mjs/profile-panel-D57s2v8H.mjs                                                [39m[1m[2m  1.46 kB[22m[1m[22m
[2mdist/[22m[36mjs/secure-setting-BONeLKpe.mjs                                               [39m[1m[2m  1.48 kB[22m[1m[22m
[2mdist/[22m[36mjs/index-DfyG6a78.mjs                                                        [39m[1m[2m  1.48 kB[22m[1m[22m
[2mdist/[22m[36mjs/table-switch-DVTqHQEs.mjs                                                 [39m[1m[2m  1.50 kB[22m[1m[22m
[2mdist/[22m[36mjs/base-setting-BCwDi0Z-.mjs                                                 [39m[1m[2m  1.50 kB[22m[1m[22m
[2mdist/[22m[36mjs/zh-cn-BZlTDQXJ.mjs                                                        [39m[1m[2m  1.53 kB[22m[1m[22m
[2mdist/[22m[36mjs/online-device-CuxEyQBz.mjs                                                [39m[1m[2m  1.54 kB[22m[1m[22m
[2mdist/[22m[36mjs/debounce-iPjm31B_.mjs                                                     [39m[1m[2m  1.56 kB[22m[1m[22m
[2mdist/[22m[36mjs/tag-style-picker.vue_vue_type_script_setup_true_lang-CNgK7HXv.mjs         [39m[1m[2m  1.59 kB[22m[1m[22m
[2mdist/[22m[36mjs/TabsList.vue_vue_type_script_setup_true_lang-_kL9V4mB.mjs                 [39m[1m[2m  1.60 kB[22m[1m[22m
[2mdist/[22m[36mjs/modal-DLi87ChR.mjs                                                        [39m[1m[2m  1.62 kB[22m[1m[22m
[2mdist/[22m[36mjs/oauth-login-BPGdM9O3.mjs                                                  [39m[1m[2m  1.63 kB[22m[1m[22m
[2mdist/[22m[36mjs/collapseMotion-BYkmK0aG.mjs                                               [39m[1m[2m  1.63 kB[22m[1m[22m
[2mdist/[22m[36mjs/basic-setting-OLtbTNoG.mjs                                                [39m[1m[2m  1.63 kB[22m[1m[22m
[2mdist/[22m[36mjs/dict-type-modal-wHwIp3ha.mjs                                              [39m[1m[2m  1.64 kB[22m[1m[22m
[2mdist/[22m[36mjs/notice-modal-DpWbW4t4.mjs                                                 [39m[1m[2m  1.65 kB[22m[1m[22m
[2mdist/[22m[36mjs/gen-config-DaQ4BVP8.mjs                                                   [39m[1m[2m  1.67 kB[22m[1m[22m
[2mdist/[22m[36mjs/table-import-modal-Cw_VoofA.mjs                                           [39m[1m[2m  1.68 kB[22m[1m[22m
[2mdist/[22m[36mjs/config-modal-xZTno_Wm.mjs                                                 [39m[1m[2m  1.68 kB[22m[1m[22m
[2mdist/[22m[36mjs/config-modal-BtdeHL4A.mjs                                                 [39m[1m[2m  1.68 kB[22m[1m[22m
[2mdist/[22m[36mjs/config-modal-DwOQR6lY.mjs                                                 [39m[1m[2m  1.68 kB[22m[1m[22m
[2mdist/[22m[36mjs/config-modal-DT8ZdZuU.mjs                                                 [39m[1m[2m  1.68 kB[22m[1m[22m
[2mdist/[22m[36mjs/user-drawer-FXbxwVC7.mjs                                                  [39m[1m[2m  1.71 kB[22m[1m[22m
[2mdist/[22m[36mjs/post-drawer-Cl2Kv92D.mjs                                                  [39m[1m[2m  1.71 kB[22m[1m[22m
[2mdist/[22m[36mjs/menu-drawer-BU9fflwq.mjs                                                  [39m[1m[2m  1.71 kB[22m[1m[22m
[2mdist/[22m[36mjs/dept-drawer-azmGhLgn.mjs                                                  [39m[1m[2m  1.71 kB[22m[1m[22m
[2mdist/[22m[36mjs/dict-data-drawer-rI25oUov.mjs                                             [39m[1m[2m  1.76 kB[22m[1m[22m
[2mdist/[22m[36mjs/tenant-package-drawer-BHjXbhT7.mjs                                        [39m[1m[2m  1.81 kB[22m[1m[22m
[2mdist/[22m[36mjs/avatar.vue_vue_type_script_setup_true_lang-ChMgtFkB.mjs                   [39m[1m[2m  1.82 kB[22m[1m[22m
[2mdist/[22m[36mjs/page.vue_vue_type_script_setup_true_lang-BEwXti9W.mjs                     [39m[1m[2m  1.83 kB[22m[1m[22m
[2mdist/[22m[36mjs/role-auth-modal-CIFfjvIj.mjs                                              [39m[1m[2m  1.84 kB[22m[1m[22m
[2mdist/[22m[36mjs/user-reset-pwd-modal-CggoGaFy.mjs                                         [39m[1m[2m  1.86 kB[22m[1m[22m
[2mdist/[22m[36mjs/user-reset-pwd-modal.vue_vue_type_script_setup_true_lang-BrAO7n4N.mjs     [39m[1m[2m  1.87 kB[22m[1m[22m
[2mdist/[22m[36mjs/role-drawer-D1lIcVJz.mjs                                                  [39m[1m[2m  1.87 kB[22m[1m[22m
[2mdist/[22m[36mjs/index-BbGzL0S4.mjs                                                        [39m[1m[2m  1.95 kB[22m[1m[22m
[2mdist/[22m[36mjs/role-auth-modal.vue_vue_type_script_setup_true_lang-D7ZKJuHC.mjs          [39m[1m[2m  2.04 kB[22m[1m[22m
[2mdist/[22m[36mjs/index-DY05bGUl.mjs                                                        [39m[1m[2m  2.07 kB[22m[1m[22m
[2mdist/[22m[36mjs/login-info-modal.vue_vue_type_script_setup_true_lang-CBuYnUvc.mjs         [39m[1m[2m  2.11 kB[22m[1m[22m
[2mdist/[22m[36mjs/forget-password-BVXCh-Lp.mjs                                              [39m[1m[2m  2.15 kB[22m[1m[22m
[2mdist/[22m[36mjs/index-BLUbi1M4.mjs                                                        [39m[1m[2m  2.16 kB[22m[1m[22m
[2mdist/[22m[36mjs/index-DF3oj2G9.mjs                                                        [39m[1m[2m  2.21 kB[22m[1m[22m
[2mdist/[22m[36mjs/dict-type-modal.vue_vue_type_script_setup_true_lang-SW8UEgAM.mjs          [39m[1m[2m  2.22 kB[22m[1m[22m
[2mdist/[22m[36mjs/secure-setting.vue_vue_type_script_setup_true_lang-DIY0jq-i.mjs           [39m[1m[2m  2.24 kB[22m[1m[22m
[2mdist/[22m[36mjs/table-import-modal.vue_vue_type_script_setup_true_lang-DuX-m5OD.mjs       [39m[1m[2m  2.25 kB[22m[1m[22m
[2mdist/[22m[36mjs/base-setting.vue_vue_type_script_setup_true_lang-BdQjp1nf.mjs             [39m[1m[2m  2.29 kB[22m[1m[22m
[2mdist/[22m[36mjs/role-drawer.vue_vue_type_script_setup_true_lang-BcdK0gtQ.mjs              [39m[1m[2m  2.30 kB[22m[1m[22m
[2mdist/[22m[36mjs/Checkbox-C1LX6amp.mjs                                                     [39m[1m[2m  2.33 kB[22m[1m[22m
[2mdist/[22m[36mjs/user-import-modal.vue_vue_type_script_setup_true_lang-BM8bWTX5.mjs        [39m[1m[2m  2.39 kB[22m[1m[22m
[2mdist/[22m[36mjs/code-login-Chg5vB-i.mjs                                                   [39m[1m[2m  2.51 kB[22m[1m[22m
[2mdist/[22m[36mjs/index-Bnkw5q_y.mjs                                                        [39m[1m[2m  2.59 kB[22m[1m[22m
[2mdist/[22m[36mjs/index-BqyX9aFG.mjs                                                        [39m[1m[2m  2.64 kB[22m[1m[22m
[2mdist/[22m[36mjs/config-modal.vue_vue_type_script_setup_true_lang-DPbBU12A.mjs             [39m[1m[2m  2.76 kB[22m[1m[22m
[2mdist/[22m[36mjs/data-BPjxELxr.mjs                                                         [39m[1m[2m  2.76 kB[22m[1m[22m
[2mdist/[22m[36mjs/config-modal.vue_vue_type_script_setup_true_lang-DmqK5nF6.mjs             [39m[1m[2m  2.81 kB[22m[1m[22m
[2mdist/[22m[36mjs/config-modal.vue_vue_type_script_setup_true_lang-BuN67sOt.mjs             [39m[1m[2m  2.83 kB[22m[1m[22m
[2mdist/[22m[36mjs/menu-select-BOWa4Dft.mjs                                                  [39m[1m[2m  2.86 kB[22m[1m[22m
[2mdist/[22m[36mjs/config-modal.vue_vue_type_script_setup_true_lang-D9tLLlse.mjs             [39m[1m[2m  2.89 kB[22m[1m[22m
[2mdist/[22m[36mjs/OperationPreviewDrawer.vue_vue_type_script_setup_true_lang-DGdAQ8tn.mjs   [39m[1m[2m  2.90 kB[22m[1m[22m
[2mdist/[22m[36mjs/setting-panel-DFsRgYxc.mjs                                                [39m[1m[2m  2.91 kB[22m[1m[22m
[2mdist/[22m[36mjs/useDescription-D4BFEr9E.mjs                                               [39m[1m[2m  2.93 kB[22m[1m[22m
[2mdist/[22m[36mjs/index-crWPCwF-.mjs                                                        [39m[1m[2m  3.11 kB[22m[1m[22m
[2mdist/[22m[36mjs/fallback.vue_vue_type_script_setup_true_lang-CMazGKC4.mjs                 [39m[1m[2m  3.18 kB[22m[1m[22m
[2mdist/[22m[36mjs/Dropdown-XTxBxfwO.mjs                                                     [39m[1m[2m  3.20 kB[22m[1m[22m
[2mdist/[22m[36mjs/notice-modal.vue_vue_type_script_setup_true_lang-CHrSHOdU.mjs             [39m[1m[2m  3.24 kB[22m[1m[22m
[2mdist/[22m[36mjs/index-BxpFod5z.mjs                                                        [39m[1m[2m  3.28 kB[22m[1m[22m
[2mdist/[22m[36mjs/register-DnxRgeZ7.mjs                                                     [39m[1m[2m  3.32 kB[22m[1m[22m
[2mdist/[22m[36mjs/tree-select-panel.vue_vue_type_script_setup_true_lang-D0vP0S2i.mjs        [39m[1m[2m  3.35 kB[22m[1m[22m
[2mdist/[22m[36mjs/index-DEHDEhlu.mjs                                                        [39m[1m[2m  3.39 kB[22m[1m[22m
[2mdist/[22m[36mjs/dict-data-drawer.vue_vue_type_script_setup_true_lang-DgrZgMGg.mjs         [39m[1m[2m  3.42 kB[22m[1m[22m
[2mdist/[22m[36mjs/useRefs-DXDFWT8O.mjs                                                      [39m[1m[2m  3.54 kB[22m[1m[22m
[2mdist/[22m[36mjs/index-CbCGD_Qj.mjs                                                        [39m[1m[2m  3.62 kB[22m[1m[22m
[2mdist/[22m[36mjs/post-drawer.vue_vue_type_script_setup_true_lang-Cn11HghI.mjs              [39m[1m[2m  3.68 kB[22m[1m[22m
[2mdist/[22m[36mjs/tenant-package-drawer.vue_vue_type_script_setup_true_lang-D4bXMHUo.mjs    [39m[1m[2m  3.70 kB[22m[1m[22m
[2mdist/[22m[36mjs/index-CmbAaToz.mjs                                                        [39m[1m[2m  3.77 kB[22m[1m[22m
[2mdist/[22m[36mjs/modal-drawer-B9A3DumW.mjs                                                 [39m[1m[2m  3.93 kB[22m[1m[22m
[2mdist/[22m[36mjs/index.vue_vue_type_script_setup_true_lang-C5OksYZh.mjs                    [39m[1m[2m  4.06 kB[22m[1m[22m
[2mdist/[22m[36mjs/index.vue_vue_type_script_setup_true_lang-BRlTGczk.mjs                    [39m[1m[2m  4.07 kB[22m[1m[22m
[2mdist/[22m[36mjs/user-drawer.vue_vue_type_script_setup_true_lang-YL4qDYcF.mjs              [39m[1m[2m  4.22 kB[22m[1m[22m
[2mdist/[22m[36mjs/index-BLw-otuj.mjs                                                        [39m[1m[2m  4.38 kB[22m[1m[22m
[2mdist/[22m[36mjs/dept-drawer.vue_vue_type_script_setup_true_lang-1i5kTonY.mjs              [39m[1m[2m  4.48 kB[22m[1m[22m
[2mdist/[22m[36mjs/client-drawer-CQMCgOJt.mjs                                                [39m[1m[2m  4.49 kB[22m[1m[22m
[2mdist/[22m[36mjs/nprogress-BVQfD_MZ.mjs                                                    [39m[1m[2m  4.55 kB[22m[1m[22m
[2mdist/[22m[36mjs/oss-config-drawer-EbHq4JXd.mjs                                            [39m[1m[2m  4.63 kB[22m[1m[22m
[2mdist/[22m[36mjs/index-EDoIo968.mjs                                                        [39m[1m[2m  4.69 kB[22m[1m[22m
[2mdist/[22m[36mjs/index-BVt4GJjy.mjs                                                        [39m[1m[2m  4.74 kB[22m[1m[22m
[2mdist/[22m[36mjs/index-yiE2I97I.mjs                                                        [39m[1m[2m  4.78 kB[22m[1m[22m
[2mdist/[22m[36mjs/index-BsPmTjuM.mjs                                                        [39m[1m[2m  4.79 kB[22m[1m[22m
[2mdist/[22m[36mjs/index-D46fC5LG.mjs                                                        [39m[1m[2m  4.90 kB[22m[1m[22m
[2mdist/[22m[36mjs/index-CYZCMk5q.mjs                                                        [39m[1m[2m  5.01 kB[22m[1m[22m
[2mdist/[22m[36mjs/index-CoSvHwuT.mjs                                                        [39m[1m[2m  5.14 kB[22m[1m[22m
[2mdist/[22m[36mjs/index-Dc1hQCFU.mjs                                                        [39m[1m[2m  5.16 kB[22m[1m[22m
[2mdist/[22m[36mjs/index-Dt-1gnYN.mjs                                                        [39m[1m[2m  5.17 kB[22m[1m[22m
[2mdist/[22m[36mjs/index-B1l5SQIj.mjs                                                        [39m[1m[2m  5.17 kB[22m[1m[22m
[2mdist/[22m[36mjs/basic-setting.vue_vue_type_script_setup_true_lang-BEO9sfTu.mjs            [39m[1m[2m  5.21 kB[22m[1m[22m
[2mdist/[22m[36mjs/index-DIf6jAjs.mjs                                                        [39m[1m[2m  5.24 kB[22m[1m[22m
[2mdist/[22m[36mjs/index-BeJ6bLK0.mjs                                                        [39m[1m[2m  5.27 kB[22m[1m[22m
[2mdist/[22m[36mjs/index-D2GoPy5L.mjs                                                        [39m[1m[2m  5.29 kB[22m[1m[22m
[2mdist/[22m[36mjs/tenant-drawer-MszeaKWr.mjs                                                [39m[1m[2m  5.32 kB[22m[1m[22m
[2mdist/[22m[36mjs/index-D8mShzID.mjs                                                        [39m[1m[2m  5.41 kB[22m[1m[22m
[2mdist/[22m[36mjs/index-Di7Q2vh9.mjs                                                        [39m[1m[2m  5.46 kB[22m[1m[22m
[2mdist/[22m[36mjs/index-BExLSD2j.mjs                                                        [39m[1m[2m  5.52 kB[22m[1m[22m
[2mdist/[22m[36mjs/Col-CY1020A8.mjs                                                          [39m[1m[2m  5.61 kB[22m[1m[22m
[2mdist/[22m[36mjs/index-DEA2q6i2.mjs                                                        [39m[1m[2m  5.66 kB[22m[1m[22m
[2mdist/[22m[36mjs/index-qGH2Ecy1.mjs                                                        [39m[1m[2m  5.78 kB[22m[1m[22m
[2mdist/[22m[36mjs/statusUtils-C-zQFcRu.mjs                                                  [39m[1m[2m  5.80 kB[22m[1m[22m
[2mdist/[22m[36mjs/index-9nbDphdY.mjs                                                        [39m[1m[2m  5.80 kB[22m[1m[22m
[2mdist/[22m[36mjs/index-BA1QsPmU.mjs                                                        [39m[1m[2m  5.82 kB[22m[1m[22m
[2mdist/[22m[36mjs/index-vhhmX-v2.mjs                                                        [39m[1m[2m  5.84 kB[22m[1m[22m
[2mdist/[22m[36mjs/zh-CN-C51LiPny.mjs                                                        [39m[1m[2m  5.89 kB[22m[1m[22m
[2mdist/[22m[36mjs/index-B9DBkiEH.mjs                                                        [39m[1m[2m  6.15 kB[22m[1m[22m
[2mdist/[22m[36mjs/gen-config.vue_vue_type_script_setup_true_lang-t_hYDQ4Z.mjs               [39m[1m[2m  6.32 kB[22m[1m[22m
[2mdist/[22m[36mjs/index-VaKGosZF.mjs                                                        [39m[1m[2m  6.44 kB[22m[1m[22m
[2mdist/[22m[36mjs/use-vxe-grid-CIpB4HOm.mjs                                                 [39m[1m[2m  6.57 kB[22m[1m[22m
[2mdist/[22m[36mjs/menu-drawer.vue_vue_type_script_setup_true_lang-DsP3F9WJ.mjs              [39m[1m[2m  6.64 kB[22m[1m[22m
[2mdist/[22m[36mjs/index-LXCMpTgR.mjs                                                        [39m[1m[2m  6.78 kB[22m[1m[22m
[2mdist/[22m[36mjs/index-D6lWxvTd.mjs                                                        [39m[1m[2m  6.83 kB[22m[1m[22m
[2mdist/[22m[36mjs/icon-500-BFoyl_Wx.mjs                                                     [39m[1m[2m  7.08 kB[22m[1m[22m
[2mdist/[22m[36mjs/index-D1xv9z8g.mjs                                                        [39m[1m[2m  7.61 kB[22m[1m[22m
[2mdist/[22m[36mjs/basic-Cs-M5pw4.mjs                                                        [39m[1m[2m  7.71 kB[22m[1m[22m
[2mdist/[22m[36mjs/index-hMhHosxt.mjs                                                        [39m[1m[2m  7.73 kB[22m[1m[22m
[2mdist/[22m[36mjs/ResizeObserver.es-CDE7jhPe.mjs                                            [39m[1m[2m  7.82 kB[22m[1m[22m
[2mdist/[22m[36mjs/use-tabs-B9ecYKaP.mjs                                                     [39m[1m[2m  8.07 kB[22m[1m[22m
[2mdist/[22m[36mjs/icon-offline-kfPgNX0Q.mjs                                                 [39m[1m[2m  8.09 kB[22m[1m[22m
[2mdist/[22m[36mjs/index-CeJhG9t7.mjs                                                        [39m[1m[2m  8.42 kB[22m[1m[22m
[2mdist/[22m[36mjs/user-info-modal.vue_vue_type_script_setup_true_lang-C2g-JyjZ.mjs          [39m[1m[2m  8.62 kB[22m[1m[22m
[2mdist/[22m[36mjs/index-DBo67eny.mjs                                                        [39m[1m[2m  8.80 kB[22m[1m[22m
[2mdist/[22m[36mjs/index-aPtpRG1I.mjs                                                        [39m[1m[2m  8.85 kB[22m[1m[22m
[2mdist/[22m[36mjs/index-TZ6xV-Iy.mjs                                                        [39m[1m[2m  9.02 kB[22m[1m[22m
[2mdist/[22m[36mjs/en-US-ByaBJT1T.mjs                                                        [39m[1m[2m  9.10 kB[22m[1m[22m
[2mdist/[22m[36mjs/index-D6mTUP6j.mjs                                                        [39m[1m[2m  9.13 kB[22m[1m[22m
[2mdist/[22m[36mjs/icon-403-CgBUFEq9.mjs                                                     [39m[1m[2m  9.39 kB[22m[1m[22m
[2mdist/[22m[36mjs/index-BmGsg0FM.mjs                                                        [39m[1m[2m  9.71 kB[22m[1m[22m
[2mdist/[22m[36mjs/index-CVEhXdRN.mjs                                                        [39m[1m[2m  9.88 kB[22m[1m[22m
[2mdist/[22m[36mjs/Group-B1PMGyxu.mjs                                                        [39m[1m[2m 10.30 kB[22m[1m[22m
[2mdist/[22m[36mjs/slide-B9Yt64p6.mjs                                                        [39m[1m[2m 10.75 kB[22m[1m[22m
[2mdist/[22m[36mjs/use-drawer-0pSlBI5S.mjs                                                   [39m[1m[2m 10.98 kB[22m[1m[22m
[2mdist/[22m[36mjs/theme-toggle.vue_vue_type_script_setup_true_lang-B13os1Cw.mjs             [39m[1m[2m 11.50 kB[22m[1m[22m
[2mdist/[22m[36mjs/List-B93VJ5nE.mjs                                                         [39m[1m[2m 12.49 kB[22m[1m[22m
[2mdist/[22m[36mjs/icon-coming-soon-xbDZoEhN.mjs                                             [39m[1m[2m 12.90 kB[22m[1m[22m
[2mdist/[22m[36mjs/index-CNH5Dkx1.mjs                                                        [39m[1m[2m 13.02 kB[22m[1m[22m
[2mdist/[22m[36mjs/use-modal-BmBYziM1.mjs                                                    [39m[1m[2m 13.88 kB[22m[1m[22m
[2mdist/[22m[36mjs/index-CbGq_Vdo.mjs                                                        [39m[1m[2m 15.59 kB[22m[1m[22m
[2mdist/[22m[36mjs/account-bind-BV2dnM02.mjs                                                 [39m[1m[2m 15.64 kB[22m[1m[22m
[2mdist/[22m[36mjs/render-C5tDa4zc.mjs                                                       [39m[1m[2m 19.90 kB[22m[1m[22m
[2mdist/[22m[36mjs/index-CkI6h8s8.mjs                                                        [39m[1m[2m 20.83 kB[22m[1m[22m
[2mdist/[22m[36mjs/icon-404-B0BwNn7t.mjs                                                     [39m[1m[2m 24.34 kB[22m[1m[22m
[2mdist/[22m[36mjs/edit-gen-CFVGq9PD.mjs                                                     [39m[1m[2m 25.53 kB[22m[1m[22m
[2mdist/[22m[36mjs/qrcode-login-DpYmapIH.mjs                                                 [39m[1m[2m 26.06 kB[22m[1m[22m
[2mdist/[22m[36mjs/index.esm-onHbvng2.mjs                                                    [39m[1m[2m 28.97 kB[22m[1m[22m
[2mdist/[22m[36mjs/index-DiTAMqCK.mjs                                                        [39m[1m[2m 32.89 kB[22m[1m[22m
[2mdist/[22m[36mjs/index-BA6odBth.mjs                                                        [39m[1m[2m 33.17 kB[22m[1m[22m
[2mdist/[22m[36mjs/index-epHOG_uQ.mjs                                                        [39m[1m[2m 36.20 kB[22m[1m[22m
[2mdist/[22m[36mjs/Trigger-CxuUq1Ff.mjs                                                      [39m[1m[2m 38.36 kB[22m[1m[22m
[2mdist/[22m[36mjs/index-MMlqTCj9.mjs                                                        [39m[1m[2m 39.71 kB[22m[1m[22m
[2mdist/[22m[36mjs/sortable.complete.esm-Dve2foBz.mjs                                        [39m[1m[2m 45.29 kB[22m[1m[22m
[2mdist/[22m[36mjs/gen-success.vue_vue_type_script_setup_true_lang-h4zCOMbw.mjs              [39m[1m[2m 47.48 kB[22m[1m[22m
[2mdist/[22m[36mjs/profile-panel.vue_vue_type_script_setup_true_lang-9ZBuMpH7.mjs            [39m[1m[2m 50.57 kB[22m[1m[22m
[2mdist/[22m[36mjs/index-uwSnP2fA.mjs                                                        [39m[1m[2m 51.37 kB[22m[1m[22m
[2mdist/[22m[36mjs/index-B9BKRmLN.mjs                                                        [39m[1m[2m 52.19 kB[22m[1m[22m
[2mdist/[22m[36mjs/index-CY4pGJKi.mjs                                                        [39m[1m[2m 54.17 kB[22m[1m[22m
[2mdist/[22m[36mjs/index-B-WsVPHD.mjs                                                        [39m[1m[2m 58.85 kB[22m[1m[22m
[2mdist/[22m[36mjs/index-DsyF1-5U.mjs                                                        [39m[1m[2m117.32 kB[22m[1m[22m
[2mdist/[22m[36mjs/authentication-PVXNmKFe.mjs                                               [39m[1m[2m118.27 kB[22m[1m[22m
[2mdist/[22m[36mjse/index-index-CulmqKVw.mjs                                                 [39m[1m[2m158.98 kB[22m[1m[22m
[2mdist/[22m[36mjs/layout.vue_vue_type_script_setup_true_lang-BjCirIC3.mjs                   [39m[1m[2m187.50 kB[22m[1m[22m
[2mdist/[22m[36mjs/vxe-table-CS5KFeE-.mjs                                                    [39m[1m[2m609.58 kB[22m[1m[22m
[2mdist/[22m[36mjs/code-preview-modal-CV6kOmP5.mjs                                           [39m[1m[2m628.00 kB[22m[1m[22m
[2mdist/[22m[36mjs/use-echarts-2MV22j1u.mjs                                                  [39m[1m[2m711.61 kB[22m[1m[22m
[2mdist/[22m[36mjs/bootstrap-CIlPtDbU.mjs                                                    [39m[1m[2m986.56 kB[22m[1m[22m
[32m✓ built in 2m 1s[39m

✨ [vite-plugin-compression]:algorithm=gzip - compressed file successfully: 
dist/D:/Projects/VSProject/Ruoyi/Ruoyi-AI/ruoyi-admin/apps/web-antd/css/profile-panel-DlROxZJS.css.gz                                               5.04kb / gzip: 1.51kb
dist/D:/Projects/VSProject/Ruoyi/Ruoyi-AI/ruoyi-admin/apps/web-antd/css/render-C86NXFAI.css.gz                                                      3.55kb / gzip: 0.98kb
dist/D:/Projects/VSProject/Ruoyi/Ruoyi-AI/ruoyi-admin/apps/web-antd/css/theme-toggle-BEdL0lgy.css.gz                                                1.49kb / gzip: 0.39kb
dist/D:/Projects/VSProject/Ruoyi/Ruoyi-AI/ruoyi-admin/apps/web-antd/css/use-vxe-grid-BCP-5NN2.css.gz                                                20.99kb / gzip: 3.31kb
dist/D:/Projects/VSProject/Ruoyi/Ruoyi-AI/ruoyi-admin/apps/web-antd/css/layout-eFMksPLa.css.gz                                                      17.18kb / gzip: 2.79kb
dist/D:/Projects/VSProject/Ruoyi/Ruoyi-AI/ruoyi-admin/apps/web-antd/js/analysis-chart-card.vue_vue_type_script_setup_true_lang-5KC_my12.mjs.gz      1.18kb / gzip: 0.48kb
dist/D:/Projects/VSProject/Ruoyi/Ruoyi-AI/ruoyi-admin/apps/web-antd/js/analytics-trends.vue_vue_type_script_setup_true_lang-VaWj12Rk.mjs.gz         1.02kb / gzip: 0.61kb
dist/D:/Projects/VSProject/Ruoyi/Ruoyi-AI/ruoyi-admin/apps/web-antd/js/base-setting-BCwDi0Z-.mjs.gz                                                 1.47kb / gzip: 0.67kb
dist/D:/Projects/VSProject/Ruoyi/Ruoyi-AI/ruoyi-admin/apps/web-antd/js/base-setting.vue_vue_type_script_setup_true_lang-BdQjp1nf.mjs.gz             2.30kb / gzip: 1.26kb
dist/D:/Projects/VSProject/Ruoyi/Ruoyi-AI/ruoyi-admin/apps/web-antd/js/account-bind-BV2dnM02.mjs.gz                                                 15.44kb / gzip: 6.14kb
dist/D:/Projects/VSProject/Ruoyi/Ruoyi-AI/ruoyi-admin/apps/web-antd/js/avatar.vue_vue_type_script_setup_true_lang-ChMgtFkB.mjs.gz                   1.78kb / gzip: 0.87kb
dist/D:/Projects/VSProject/Ruoyi/Ruoyi-AI/ruoyi-admin/apps/web-antd/js/basic-setting.vue_vue_type_script_setup_true_lang-BEO9sfTu.mjs.gz            5.59kb / gzip: 2.32kb
dist/D:/Projects/VSProject/Ruoyi/Ruoyi-AI/ruoyi-admin/apps/web-antd/js/basic-Cs-M5pw4.mjs.gz                                                        7.55kb / gzip: 3.49kb
dist/D:/Projects/VSProject/Ruoyi/Ruoyi-AI/ruoyi-admin/apps/web-antd/js/basic-setting-OLtbTNoG.mjs.gz                                                1.59kb / gzip: 0.71kb
dist/D:/Projects/VSProject/Ruoyi/Ruoyi-AI/ruoyi-admin/apps/web-antd/index.html.gz                                                                   2.23kb / gzip: 1.11kb
dist/D:/Projects/VSProject/Ruoyi/Ruoyi-AI/ruoyi-admin/apps/web-antd/js/code-login-Chg5vB-i.mjs.gz                                                   2.46kb / gzip: 1.17kb
dist/D:/Projects/VSProject/Ruoyi/Ruoyi-AI/ruoyi-admin/apps/web-antd/js/Checkbox-C1LX6amp.mjs.gz                                                     2.28kb / gzip: 1.08kb
dist/D:/Projects/VSProject/Ruoyi/Ruoyi-AI/ruoyi-admin/apps/web-antd/js/collapseMotion-BYkmK0aG.mjs.gz                                               1.59kb / gzip: 0.67kb
dist/D:/Projects/VSProject/Ruoyi/Ruoyi-AI/ruoyi-admin/apps/web-antd/js/Col-CY1020A8.mjs.gz                                                          5.48kb / gzip: 2.22kb
dist/D:/Projects/VSProject/Ruoyi/Ruoyi-AI/ruoyi-admin/apps/web-antd/js/config-modal-BtdeHL4A.mjs.gz                                                 1.64kb / gzip: 0.73kb
dist/D:/Projects/VSProject/Ruoyi/Ruoyi-AI/ruoyi-admin/apps/web-antd/js/config-modal-DwOQR6lY.mjs.gz                                                 1.64kb / gzip: 0.73kb
dist/D:/Projects/VSProject/Ruoyi/Ruoyi-AI/ruoyi-admin/apps/web-antd/js/config-modal-xZTno_Wm.mjs.gz                                                 1.64kb / gzip: 0.73kb
dist/D:/Projects/VSProject/Ruoyi/Ruoyi-AI/ruoyi-admin/apps/web-antd/js/config-modal.vue_vue_type_script_setup_true_lang-BuN67sOt.mjs.gz             2.88kb / gzip: 1.35kb
dist/D:/Projects/VSProject/Ruoyi/Ruoyi-AI/ruoyi-admin/apps/web-antd/js/config-modal.vue_vue_type_script_setup_true_lang-D9tLLlse.mjs.gz             2.96kb / gzip: 1.44kb
dist/D:/Projects/VSProject/Ruoyi/Ruoyi-AI/ruoyi-admin/apps/web-antd/js/client-drawer-CQMCgOJt.mjs.gz                                                4.62kb / gzip: 1.96kb
dist/D:/Projects/VSProject/Ruoyi/Ruoyi-AI/ruoyi-admin/apps/web-antd/js/config-modal.vue_vue_type_script_setup_true_lang-DPbBU12A.mjs.gz             2.82kb / gzip: 1.39kb
dist/D:/Projects/VSProject/Ruoyi/Ruoyi-AI/ruoyi-admin/apps/web-antd/js/data-BPjxELxr.mjs.gz                                                         3.00kb / gzip: 1.16kb
dist/D:/Projects/VSProject/Ruoyi/Ruoyi-AI/ruoyi-admin/apps/web-antd/js/debounce-iPjm31B_.mjs.gz                                                     1.52kb / gzip: 0.82kb
dist/D:/Projects/VSProject/Ruoyi/Ruoyi-AI/ruoyi-admin/apps/web-antd/js/config-modal.vue_vue_type_script_setup_true_lang-DmqK5nF6.mjs.gz             2.89kb / gzip: 1.39kb
dist/D:/Projects/VSProject/Ruoyi/Ruoyi-AI/ruoyi-admin/apps/web-antd/js/dept-drawer-azmGhLgn.mjs.gz                                                  1.67kb / gzip: 0.74kb
dist/D:/Projects/VSProject/Ruoyi/Ruoyi-AI/ruoyi-admin/apps/web-antd/js/data-DxgwJFfP.mjs.gz                                                         1.09kb / gzip: 0.60kb
dist/D:/Projects/VSProject/Ruoyi/Ruoyi-AI/ruoyi-admin/apps/web-antd/js/dept-tree.vue_vue_type_script_setup_true_lang-DklYYW4o.mjs.gz                1.39kb / gzip: 0.86kb
dist/D:/Projects/VSProject/Ruoyi/Ruoyi-AI/ruoyi-admin/apps/web-antd/js/dict-data-drawer-rI25oUov.mjs.gz                                             1.72kb / gzip: 0.75kb
dist/D:/Projects/VSProject/Ruoyi/Ruoyi-AI/ruoyi-admin/apps/web-antd/js/dict-data-drawer.vue_vue_type_script_setup_true_lang-DgrZgMGg.mjs.gz         3.49kb / gzip: 1.68kb
dist/D:/Projects/VSProject/Ruoyi/Ruoyi-AI/ruoyi-admin/apps/web-antd/js/config-modal-DT8ZdZuU.mjs.gz                                                 1.64kb / gzip: 0.73kb
dist/D:/Projects/VSProject/Ruoyi/Ruoyi-AI/ruoyi-admin/apps/web-antd/js/dict-type-modal-wHwIp3ha.mjs.gz                                              1.60kb / gzip: 0.71kb
dist/D:/Projects/VSProject/Ruoyi/Ruoyi-AI/ruoyi-admin/apps/web-antd/js/dict-type-modal.vue_vue_type_script_setup_true_lang-SW8UEgAM.mjs.gz          2.29kb / gzip: 1.20kb
dist/D:/Projects/VSProject/Ruoyi/Ruoyi-AI/ruoyi-admin/apps/web-antd/js/Dropdown-XTxBxfwO.mjs.gz                                                     3.12kb / gzip: 1.32kb
dist/D:/Projects/VSProject/Ruoyi/Ruoyi-AI/ruoyi-admin/apps/web-antd/js/en-US-ByaBJT1T.mjs.gz                                                        8.88kb / gzip: 3.56kb
dist/D:/Projects/VSProject/Ruoyi/Ruoyi-AI/ruoyi-admin/apps/web-antd/js/edit-gen-CFVGq9PD.mjs.gz                                                     24.96kb / gzip: 7.70kb
dist/D:/Projects/VSProject/Ruoyi/Ruoyi-AI/ruoyi-admin/apps/web-antd/js/EyeOutlined-Bhfo9c26.mjs.gz                                                  1.28kb / gzip: 0.76kb
dist/D:/Projects/VSProject/Ruoyi/Ruoyi-AI/ruoyi-admin/apps/web-antd/js/en-US-CTYW7bPu.mjs.gz                                                        1.01kb / gzip: 0.55kb
dist/D:/Projects/VSProject/Ruoyi/Ruoyi-AI/ruoyi-admin/apps/web-antd/js/fallback.vue_vue_type_script_setup_true_lang-CMazGKC4.mjs.gz                 3.10kb / gzip: 1.23kb
dist/D:/Projects/VSProject/Ruoyi/Ruoyi-AI/ruoyi-admin/apps/web-antd/js/forget-password-BVXCh-Lp.mjs.gz                                              2.11kb / gzip: 1.09kb
dist/D:/Projects/VSProject/Ruoyi/Ruoyi-AI/ruoyi-admin/apps/web-antd/js/FormItemContext-D-XKVqk8.mjs.gz                                              1.11kb / gzip: 0.56kb
dist/D:/Projects/VSProject/Ruoyi/Ruoyi-AI/ruoyi-admin/apps/web-antd/js/gen-config-DaQ4BVP8.mjs.gz                                                   1.63kb / gzip: 0.73kb
dist/D:/Projects/VSProject/Ruoyi/Ruoyi-AI/ruoyi-admin/apps/web-antd/js/gen-config.vue_vue_type_script_setup_true_lang-t_hYDQ4Z.mjs.gz               6.40kb / gzip: 2.53kb
dist/D:/Projects/VSProject/Ruoyi/Ruoyi-AI/ruoyi-admin/apps/web-antd/js/Group-B1PMGyxu.mjs.gz                                                        10.06kb / gzip: 3.54kb
dist/D:/Projects/VSProject/Ruoyi/Ruoyi-AI/ruoyi-admin/apps/web-antd/js/dept-drawer.vue_vue_type_script_setup_true_lang-1i5kTonY.mjs.gz              4.56kb / gzip: 2.02kb
dist/D:/Projects/VSProject/Ruoyi/Ruoyi-AI/ruoyi-admin/apps/web-antd/js/icon-500-BFoyl_Wx.mjs.gz                                                     6.91kb / gzip: 2.17kb
dist/D:/Projects/VSProject/Ruoyi/Ruoyi-AI/ruoyi-admin/apps/web-antd/js/icon-button.vue_vue_type_script_setup_true_lang-BMSbb8G-.mjs.gz              1.13kb / gzip: 0.54kb
dist/D:/Projects/VSProject/Ruoyi/Ruoyi-AI/ruoyi-admin/apps/web-antd/js/icon-404-B0BwNn7t.mjs.gz                                                     23.77kb / gzip: 9.74kb
dist/D:/Projects/VSProject/Ruoyi/Ruoyi-AI/ruoyi-admin/apps/web-antd/js/icon-coming-soon-xbDZoEhN.mjs.gz                                             12.59kb / gzip: 3.94kb
dist/D:/Projects/VSProject/Ruoyi/Ruoyi-AI/ruoyi-admin/apps/web-antd/js/icon-offline-kfPgNX0Q.mjs.gz                                                 7.90kb / gzip: 3.69kb
dist/D:/Projects/VSProject/Ruoyi/Ruoyi-AI/ruoyi-admin/apps/web-antd/js/index-aPtpRG1I.mjs.gz                                                        8.64kb / gzip: 3.23kb
dist/D:/Projects/VSProject/Ruoyi/Ruoyi-AI/ruoyi-admin/apps/web-antd/js/icon-403-CgBUFEq9.mjs.gz                                                     9.17kb / gzip: 3.85kb
dist/D:/Projects/VSProject/Ruoyi/Ruoyi-AI/ruoyi-admin/apps/web-antd/js/index-B1l5SQIj.mjs.gz                                                        5.09kb / gzip: 2.38kb
dist/D:/Projects/VSProject/Ruoyi/Ruoyi-AI/ruoyi-admin/apps/web-antd/js/index-9nbDphdY.mjs.gz                                                        5.73kb / gzip: 2.60kb
dist/D:/Projects/VSProject/Ruoyi/Ruoyi-AI/ruoyi-admin/apps/web-antd/js/index-B9DBkiEH.mjs.gz                                                        6.10kb / gzip: 2.47kb
dist/D:/Projects/VSProject/Ruoyi/Ruoyi-AI/ruoyi-admin/apps/web-antd/js/index-BA1QsPmU.mjs.gz                                                        5.79kb / gzip: 2.69kb
dist/D:/Projects/VSProject/Ruoyi/Ruoyi-AI/ruoyi-admin/apps/web-antd/js/index-BbGzL0S4.mjs.gz                                                        1.91kb / gzip: 0.80kb
dist/D:/Projects/VSProject/Ruoyi/Ruoyi-AI/ruoyi-admin/apps/web-antd/js/index-BeJ6bLK0.mjs.gz                                                        5.19kb / gzip: 2.41kb
dist/D:/Projects/VSProject/Ruoyi/Ruoyi-AI/ruoyi-admin/apps/web-antd/js/index-BA6odBth.mjs.gz                                                        32.39kb / gzip: 10.38kb
dist/D:/Projects/VSProject/Ruoyi/Ruoyi-AI/ruoyi-admin/apps/web-antd/js/index-BExLSD2j.mjs.gz                                                        5.39kb / gzip: 2.42kb
dist/D:/Projects/VSProject/Ruoyi/Ruoyi-AI/ruoyi-admin/apps/web-antd/js/index-BLUbi1M4.mjs.gz                                                        2.11kb / gzip: 1.14kb
dist/D:/Projects/VSProject/Ruoyi/Ruoyi-AI/ruoyi-admin/apps/web-antd/js/index-BLw-otuj.mjs.gz                                                        4.28kb / gzip: 1.97kb
dist/D:/Projects/VSProject/Ruoyi/Ruoyi-AI/ruoyi-admin/apps/web-antd/js/index-BmGsg0FM.mjs.gz                                                        9.48kb / gzip: 3.12kb
dist/D:/Projects/VSProject/Ruoyi/Ruoyi-AI/ruoyi-admin/apps/web-antd/js/index-Bnkw5q_y.mjs.gz                                                        2.61kb / gzip: 1.13kb
dist/D:/Projects/VSProject/Ruoyi/Ruoyi-AI/ruoyi-admin/apps/web-antd/js/index-BVt4GJjy.mjs.gz                                                        4.65kb / gzip: 2.13kb
dist/D:/Projects/VSProject/Ruoyi/Ruoyi-AI/ruoyi-admin/apps/web-antd/js/index-BxpFod5z.mjs.gz                                                        3.24kb / gzip: 1.70kb
dist/D:/Projects/VSProject/Ruoyi/Ruoyi-AI/ruoyi-admin/apps/web-antd/js/index-CbCGD_Qj.mjs.gz                                                        3.55kb / gzip: 1.63kb
dist/D:/Projects/VSProject/Ruoyi/Ruoyi-AI/ruoyi-admin/apps/web-antd/js/index-CbGq_Vdo.mjs.gz                                                        15.22kb / gzip: 5.11kb
dist/D:/Projects/VSProject/Ruoyi/Ruoyi-AI/ruoyi-admin/apps/web-antd/js/index-CD2lGoaG.mjs.gz                                                        1.12kb / gzip: 0.72kb
dist/D:/Projects/VSProject/Ruoyi/Ruoyi-AI/ruoyi-admin/apps/web-antd/js/index-BqyX9aFG.mjs.gz                                                        2.58kb / gzip: 1.11kb
dist/D:/Projects/VSProject/Ruoyi/Ruoyi-AI/ruoyi-admin/apps/web-antd/js/index-CkI6h8s8.mjs.gz                                                        20.34kb / gzip: 7.43kb
dist/D:/Projects/VSProject/Ruoyi/Ruoyi-AI/ruoyi-admin/apps/web-antd/js/index-CmbAaToz.mjs.gz                                                        3.68kb / gzip: 1.63kb
dist/D:/Projects/VSProject/Ruoyi/Ruoyi-AI/ruoyi-admin/apps/web-antd/js/index-BsPmTjuM.mjs.gz                                                        4.68kb / gzip: 1.87kb
dist/D:/Projects/VSProject/Ruoyi/Ruoyi-AI/ruoyi-admin/apps/web-antd/js/index-CeJhG9t7.mjs.gz                                                        8.23kb / gzip: 2.48kb
dist/D:/Projects/VSProject/Ruoyi/Ruoyi-AI/ruoyi-admin/apps/web-antd/js/index-crWPCwF-.mjs.gz                                                        3.04kb / gzip: 1.48kb
dist/D:/Projects/VSProject/Ruoyi/Ruoyi-AI/ruoyi-admin/apps/web-antd/js/index-CVEhXdRN.mjs.gz                                                        9.65kb / gzip: 3.57kb
dist/D:/Projects/VSProject/Ruoyi/Ruoyi-AI/ruoyi-admin/apps/web-antd/js/index-CwX3_37I.mjs.gz                                                        1.09kb / gzip: 0.62kb
dist/D:/Projects/VSProject/Ruoyi/Ruoyi-AI/ruoyi-admin/apps/web-antd/js/index-CYZCMk5q.mjs.gz                                                        4.94kb / gzip: 2.33kb
dist/D:/Projects/VSProject/Ruoyi/Ruoyi-AI/ruoyi-admin/apps/web-antd/js/index-D1xv9z8g.mjs.gz                                                        7.50kb / gzip: 3.26kb
dist/D:/Projects/VSProject/Ruoyi/Ruoyi-AI/ruoyi-admin/apps/web-antd/js/index-D2GoPy5L.mjs.gz                                                        5.22kb / gzip: 2.45kb
dist/D:/Projects/VSProject/Ruoyi/Ruoyi-AI/ruoyi-admin/apps/web-antd/js/index-D46fC5LG.mjs.gz                                                        4.84kb / gzip: 2.32kb
dist/D:/Projects/VSProject/Ruoyi/Ruoyi-AI/ruoyi-admin/apps/web-antd/js/index-D6mTUP6j.mjs.gz                                                        8.91kb / gzip: 3.13kb
dist/D:/Projects/VSProject/Ruoyi/Ruoyi-AI/ruoyi-admin/apps/web-antd/js/index-D6lWxvTd.mjs.gz                                                        6.74kb / gzip: 2.99kb
dist/D:/Projects/VSProject/Ruoyi/Ruoyi-AI/ruoyi-admin/apps/web-antd/js/index-D8mShzID.mjs.gz                                                        5.35kb / gzip: 2.45kb
dist/D:/Projects/VSProject/Ruoyi/Ruoyi-AI/ruoyi-admin/apps/web-antd/js/index-DBo67eny.mjs.gz                                                        9.41kb / gzip: 3.38kb
dist/D:/Projects/VSProject/Ruoyi/Ruoyi-AI/ruoyi-admin/apps/web-antd/js/index-Dc1hQCFU.mjs.gz                                                        5.08kb / gzip: 2.38kb
dist/D:/Projects/VSProject/Ruoyi/Ruoyi-AI/ruoyi-admin/apps/web-antd/js/index-DEHDEhlu.mjs.gz                                                        3.31kb / gzip: 1.46kb
dist/D:/Projects/VSProject/Ruoyi/Ruoyi-AI/ruoyi-admin/apps/web-antd/js/index-DEA2q6i2.mjs.gz                                                        5.61kb / gzip: 2.63kb
dist/D:/Projects/VSProject/Ruoyi/Ruoyi-AI/ruoyi-admin/apps/web-antd/js/index-DF3oj2G9.mjs.gz                                                        2.18kb / gzip: 1.11kb
dist/D:/Projects/VSProject/Ruoyi/Ruoyi-AI/ruoyi-admin/apps/web-antd/js/index-DfyG6a78.mjs.gz                                                        1.45kb / gzip: 0.69kb
dist/D:/Projects/VSProject/Ruoyi/Ruoyi-AI/ruoyi-admin/apps/web-antd/js/index-CoSvHwuT.mjs.gz                                                        5.29kb / gzip: 2.03kb
dist/D:/Projects/VSProject/Ruoyi/Ruoyi-AI/ruoyi-admin/apps/web-antd/js/index-DIf6jAjs.mjs.gz                                                        5.11kb / gzip: 2.21kb
dist/D:/Projects/VSProject/Ruoyi/Ruoyi-AI/ruoyi-admin/apps/web-antd/js/index-DiTAMqCK.mjs.gz                                                        32.55kb / gzip: 10.90kb
dist/D:/Projects/VSProject/Ruoyi/Ruoyi-AI/ruoyi-admin/apps/web-antd/js/index-Dt-1gnYN.mjs.gz                                                        5.09kb / gzip: 2.38kb
dist/D:/Projects/VSProject/Ruoyi/Ruoyi-AI/ruoyi-admin/apps/web-antd/js/index-DY05bGUl.mjs.gz                                                        2.02kb / gzip: 0.83kb
dist/D:/Projects/VSProject/Ruoyi/Ruoyi-AI/ruoyi-admin/apps/web-antd/js/index-EDoIo968.mjs.gz                                                        4.60kb / gzip: 2.12kb
dist/D:/Projects/VSProject/Ruoyi/Ruoyi-AI/ruoyi-admin/apps/web-antd/js/index-hMhHosxt.mjs.gz                                                        7.55kb / gzip: 2.72kb
dist/D:/Projects/VSProject/Ruoyi/Ruoyi-AI/ruoyi-admin/apps/web-antd/js/index-epHOG_uQ.mjs.gz                                                        35.35kb / gzip: 11.49kb
dist/D:/Projects/VSProject/Ruoyi/Ruoyi-AI/ruoyi-admin/apps/web-antd/js/index-LXCMpTgR.mjs.gz                                                        6.79kb / gzip: 2.93kb
dist/D:/Projects/VSProject/Ruoyi/Ruoyi-AI/ruoyi-admin/apps/web-antd/js/index-MMlqTCj9.mjs.gz                                                        38.78kb / gzip: 11.94kb
dist/D:/Projects/VSProject/Ruoyi/Ruoyi-AI/ruoyi-admin/apps/web-antd/js/index-qGH2Ecy1.mjs.gz                                                        5.70kb / gzip: 2.58kb
dist/D:/Projects/VSProject/Ruoyi/Ruoyi-AI/ruoyi-admin/apps/web-antd/js/index-uwSnP2fA.mjs.gz                                                        50.17kb / gzip: 15.61kb
dist/D:/Projects/VSProject/Ruoyi/Ruoyi-AI/ruoyi-admin/apps/web-antd/js/index-VaKGosZF.mjs.gz                                                        6.43kb / gzip: 2.98kb
dist/D:/Projects/VSProject/Ruoyi/Ruoyi-AI/ruoyi-admin/apps/web-antd/js/index-vhhmX-v2.mjs.gz                                                        5.76kb / gzip: 2.63kb
dist/D:/Projects/VSProject/Ruoyi/Ruoyi-AI/ruoyi-admin/apps/web-antd/js/index-yiE2I97I.mjs.gz                                                        4.67kb / gzip: 2.08kb
dist/D:/Projects/VSProject/Ruoyi/Ruoyi-AI/ruoyi-admin/apps/web-antd/js/index-Di7Q2vh9.mjs.gz                                                        5.39kb / gzip: 2.49kb
dist/D:/Projects/VSProject/Ruoyi/Ruoyi-AI/ruoyi-admin/apps/web-antd/js/index.esm-onHbvng2.mjs.gz                                                    28.29kb / gzip: 7.48kb
dist/D:/Projects/VSProject/Ruoyi/Ruoyi-AI/ruoyi-admin/apps/web-antd/js/index.vue_vue_type_script_setup_true_lang-C5OksYZh.mjs.gz                    4.03kb / gzip: 1.93kb
dist/D:/Projects/VSProject/Ruoyi/Ruoyi-AI/ruoyi-admin/apps/web-antd/js/loading-7m7uS9S_.mjs.gz                                                      1.15kb / gzip: 0.72kb
dist/D:/Projects/VSProject/Ruoyi/Ruoyi-AI/ruoyi-admin/apps/web-antd/js/login-info-modal-Csrl7Wt6.mjs.gz                                             1.08kb / gzip: 0.51kb
dist/D:/Projects/VSProject/Ruoyi/Ruoyi-AI/ruoyi-admin/apps/web-antd/js/List-B93VJ5nE.mjs.gz                                                         12.20kb / gzip: 4.58kb
dist/D:/Projects/VSProject/Ruoyi/Ruoyi-AI/ruoyi-admin/apps/web-antd/js/index-CNH5Dkx1.mjs.gz                                                        12.71kb / gzip: 4.18kb
dist/D:/Projects/VSProject/Ruoyi/Ruoyi-AI/ruoyi-admin/apps/web-antd/js/menu-drawer-BU9fflwq.mjs.gz                                                  1.67kb / gzip: 0.74kb
dist/D:/Projects/VSProject/Ruoyi/Ruoyi-AI/ruoyi-admin/apps/web-antd/js/login-info-modal.vue_vue_type_script_setup_true_lang-CBuYnUvc.mjs.gz         2.21kb / gzip: 1.11kb
dist/D:/Projects/VSProject/Ruoyi/Ruoyi-AI/ruoyi-admin/apps/web-antd/js/menu-drawer.vue_vue_type_script_setup_true_lang-DsP3F9WJ.mjs.gz              7.17kb / gzip: 2.94kb
dist/D:/Projects/VSProject/Ruoyi/Ruoyi-AI/ruoyi-admin/apps/web-antd/js/menu-select-BOWa4Dft.mjs.gz                                                  2.86kb / gzip: 1.39kb
dist/D:/Projects/VSProject/Ruoyi/Ruoyi-AI/ruoyi-admin/apps/web-antd/js/modal-DLi87ChR.mjs.gz                                                        1.65kb / gzip: 0.96kb
dist/D:/Projects/VSProject/Ruoyi/Ruoyi-AI/ruoyi-admin/apps/web-antd/js/notice-modal-DpWbW4t4.mjs.gz                                                 1.61kb / gzip: 0.72kb
dist/D:/Projects/VSProject/Ruoyi/Ruoyi-AI/ruoyi-admin/apps/web-antd/js/modal-drawer-B9A3DumW.mjs.gz                                                 3.98kb / gzip: 1.73kb
dist/D:/Projects/VSProject/Ruoyi/Ruoyi-AI/ruoyi-admin/apps/web-antd/js/nprogress-BVQfD_MZ.mjs.gz                                                    4.44kb / gzip: 1.92kb
dist/D:/Projects/VSProject/Ruoyi/Ruoyi-AI/ruoyi-admin/apps/web-antd/js/notice-modal.vue_vue_type_script_setup_true_lang-CHrSHOdU.mjs.gz             3.25kb / gzip: 1.44kb
dist/D:/Projects/VSProject/Ruoyi/Ruoyi-AI/ruoyi-admin/apps/web-antd/js/oauth-common-D_5ndZBU.mjs.gz                                                 1.03kb / gzip: 0.56kb
dist/D:/Projects/VSProject/Ruoyi/Ruoyi-AI/ruoyi-admin/apps/web-antd/js/oauth-login-BPGdM9O3.mjs.gz                                                  1.59kb / gzip: 0.87kb
dist/D:/Projects/VSProject/Ruoyi/Ruoyi-AI/ruoyi-admin/apps/web-antd/js/online-device-CuxEyQBz.mjs.gz                                                1.51kb / gzip: 0.68kb
dist/D:/Projects/VSProject/Ruoyi/Ruoyi-AI/ruoyi-admin/apps/web-antd/js/OperationPreviewDrawer-X7CLAL7V.mjs.gz                                       1.08kb / gzip: 0.52kb
dist/D:/Projects/VSProject/Ruoyi/Ruoyi-AI/ruoyi-admin/apps/web-antd/js/online-device.vue_vue_type_script_setup_true_lang-k4cRCUhY.mjs.gz            1.26kb / gzip: 0.82kb
dist/D:/Projects/VSProject/Ruoyi/Ruoyi-AI/ruoyi-admin/apps/web-antd/js/page.vue_vue_type_script_setup_true_lang-BEwXti9W.mjs.gz                     1.79kb / gzip: 0.87kb
dist/D:/Projects/VSProject/Ruoyi/Ruoyi-AI/ruoyi-admin/apps/web-antd/js/OperationPreviewDrawer.vue_vue_type_script_setup_true_lang-DGdAQ8tn.mjs.gz   3.01kb / gzip: 1.38kb
dist/D:/Projects/VSProject/Ruoyi/Ruoyi-AI/ruoyi-admin/apps/web-antd/js/oss-config-drawer-EbHq4JXd.mjs.gz                                            4.71kb / gzip: 1.99kb
dist/D:/Projects/VSProject/Ruoyi/Ruoyi-AI/ruoyi-admin/apps/web-antd/js/profile-panel-D57s2v8H.mjs.gz                                                1.43kb / gzip: 0.64kb
dist/D:/Projects/VSProject/Ruoyi/Ruoyi-AI/ruoyi-admin/apps/web-antd/js/post-drawer.vue_vue_type_script_setup_true_lang-Cn11HghI.mjs.gz              3.70kb / gzip: 1.64kb
dist/D:/Projects/VSProject/Ruoyi/Ruoyi-AI/ruoyi-admin/apps/web-antd/js/RedisDescription.vue_vue_type_script_setup_true_lang-Jgz5RLjI.mjs.gz         1.26kb / gzip: 0.77kb
dist/D:/Projects/VSProject/Ruoyi/Ruoyi-AI/ruoyi-admin/apps/web-antd/js/register-DnxRgeZ7.mjs.gz                                                     3.25kb / gzip: 1.35kb
dist/D:/Projects/VSProject/Ruoyi/Ruoyi-AI/ruoyi-admin/apps/web-antd/js/qrcode-login-DpYmapIH.mjs.gz                                                 25.45kb / gzip: 10.12kb
dist/D:/Projects/VSProject/Ruoyi/Ruoyi-AI/ruoyi-admin/apps/web-antd/js/index-TZ6xV-Iy.mjs.gz                                                        9.14kb / gzip: 3.23kb
dist/D:/Projects/VSProject/Ruoyi/Ruoyi-AI/ruoyi-admin/apps/web-antd/js/ResizeObserver.es-CDE7jhPe.mjs.gz                                            7.64kb / gzip: 2.49kb
dist/D:/Projects/VSProject/Ruoyi/Ruoyi-AI/ruoyi-admin/apps/web-antd/js/role-auth-modal-CIFfjvIj.mjs.gz                                              1.80kb / gzip: 0.78kb
dist/D:/Projects/VSProject/Ruoyi/Ruoyi-AI/ruoyi-admin/apps/web-antd/js/role-auth-modal.vue_vue_type_script_setup_true_lang-D7ZKJuHC.mjs.gz          2.00kb / gzip: 1.09kb
dist/D:/Projects/VSProject/Ruoyi/Ruoyi-AI/ruoyi-admin/apps/web-antd/js/role-drawer-D1lIcVJz.mjs.gz                                                  1.83kb / gzip: 0.78kb
dist/D:/Projects/VSProject/Ruoyi/Ruoyi-AI/ruoyi-admin/apps/web-antd/js/role-drawer.vue_vue_type_script_setup_true_lang-BcdK0gtQ.mjs.gz              2.25kb / gzip: 1.15kb
dist/D:/Projects/VSProject/Ruoyi/Ruoyi-AI/ruoyi-admin/apps/web-antd/js/secure-setting-BONeLKpe.mjs.gz                                               1.44kb / gzip: 0.65kb
dist/D:/Projects/VSProject/Ruoyi/Ruoyi-AI/ruoyi-admin/apps/web-antd/js/render-C5tDa4zc.mjs.gz                                                       19.43kb / gzip: 6.62kb
dist/D:/Projects/VSProject/Ruoyi/Ruoyi-AI/ruoyi-admin/apps/web-antd/js/secure-setting.vue_vue_type_script_setup_true_lang-DIY0jq-i.mjs.gz           2.44kb / gzip: 1.19kb
dist/D:/Projects/VSProject/Ruoyi/Ruoyi-AI/ruoyi-admin/apps/web-antd/js/setting-panel-DFsRgYxc.mjs.gz                                                2.86kb / gzip: 1.35kb
dist/D:/Projects/VSProject/Ruoyi/Ruoyi-AI/ruoyi-admin/apps/web-antd/js/secret-input-CtJCNzVx.mjs.gz                                                 1.30kb / gzip: 0.81kb
dist/D:/Projects/VSProject/Ruoyi/Ruoyi-AI/ruoyi-admin/apps/web-antd/js/table-import-modal-Cw_VoofA.mjs.gz                                           1.64kb / gzip: 0.72kb
dist/D:/Projects/VSProject/Ruoyi/Ruoyi-AI/ruoyi-admin/apps/web-antd/js/statusUtils-C-zQFcRu.mjs.gz                                                  5.66kb / gzip: 2.20kb
dist/D:/Projects/VSProject/Ruoyi/Ruoyi-AI/ruoyi-admin/apps/web-antd/js/slide-B9Yt64p6.mjs.gz                                                        10.50kb / gzip: 4.28kb
dist/D:/Projects/VSProject/Ruoyi/Ruoyi-AI/ruoyi-admin/apps/web-antd/js/TabsList.vue_vue_type_script_setup_true_lang-_kL9V4mB.mjs.gz                 1.56kb / gzip: 0.72kb
dist/D:/Projects/VSProject/Ruoyi/Ruoyi-AI/ruoyi-admin/apps/web-antd/js/table-import-modal.vue_vue_type_script_setup_true_lang-DuX-m5OD.mjs.gz       2.25kb / gzip: 1.23kb
dist/D:/Projects/VSProject/Ruoyi/Ruoyi-AI/ruoyi-admin/apps/web-antd/js/tag-style-picker.vue_vue_type_script_setup_true_lang-CNgK7HXv.mjs.gz         1.59kb / gzip: 0.87kb
dist/D:/Projects/VSProject/Ruoyi/Ruoyi-AI/ruoyi-admin/apps/web-antd/js/table-switch-DVTqHQEs.mjs.gz                                                 1.47kb / gzip: 0.70kb
dist/D:/Projects/VSProject/Ruoyi/Ruoyi-AI/ruoyi-admin/apps/web-antd/js/tenant-package-drawer-BHjXbhT7.mjs.gz                                        1.77kb / gzip: 0.76kb
dist/D:/Projects/VSProject/Ruoyi/Ruoyi-AI/ruoyi-admin/apps/web-antd/js/tenant-drawer-MszeaKWr.mjs.gz                                                5.59kb / gzip: 2.36kb
dist/D:/Projects/VSProject/Ruoyi/Ruoyi-AI/ruoyi-admin/apps/web-antd/js/tenant-package-drawer.vue_vue_type_script_setup_true_lang-D4bXMHUo.mjs.gz    3.68kb / gzip: 1.81kb
dist/D:/Projects/VSProject/Ruoyi/Ruoyi-AI/ruoyi-admin/apps/web-antd/js/theme-toggle.vue_vue_type_script_setup_true_lang-B13os1Cw.mjs.gz             11.23kb / gzip: 4.14kb
dist/D:/Projects/VSProject/Ruoyi/Ruoyi-AI/ruoyi-admin/apps/web-antd/js/tree-select-panel.vue_vue_type_script_setup_true_lang-D0vP0S2i.mjs.gz        3.35kb / gzip: 1.60kb
dist/D:/Projects/VSProject/Ruoyi/Ruoyi-AI/ruoyi-admin/apps/web-antd/js/sortable.complete.esm-Dve2foBz.mjs.gz                                        44.22kb / gzip: 14.81kb
dist/D:/Projects/VSProject/Ruoyi/Ruoyi-AI/ruoyi-admin/apps/web-antd/js/use-drawer-0pSlBI5S.mjs.gz                                                   10.72kb / gzip: 3.98kb
dist/D:/Projects/VSProject/Ruoyi/Ruoyi-AI/ruoyi-admin/apps/web-antd/js/use-tabs-B9ecYKaP.mjs.gz                                                     7.88kb / gzip: 2.59kb
dist/D:/Projects/VSProject/Ruoyi/Ruoyi-AI/ruoyi-admin/apps/web-antd/js/use-modal-BmBYziM1.mjs.gz                                                    13.56kb / gzip: 5.10kb
dist/D:/Projects/VSProject/Ruoyi/Ruoyi-AI/ruoyi-admin/apps/web-antd/js/use-vxe-grid-CIpB4HOm.mjs.gz                                                 6.42kb / gzip: 3.03kb
dist/D:/Projects/VSProject/Ruoyi/Ruoyi-AI/ruoyi-admin/apps/web-antd/js/useDescription-D4BFEr9E.mjs.gz                                               2.86kb / gzip: 1.41kb
dist/D:/Projects/VSProject/Ruoyi/Ruoyi-AI/ruoyi-admin/apps/web-antd/js/user-import-modal-C8JJ0azS.mjs.gz                                            1.08kb / gzip: 0.53kb
dist/D:/Projects/VSProject/Ruoyi/Ruoyi-AI/ruoyi-admin/apps/web-antd/js/user-drawer-FXbxwVC7.mjs.gz                                                  1.67kb / gzip: 0.74kb
dist/D:/Projects/VSProject/Ruoyi/Ruoyi-AI/ruoyi-admin/apps/web-antd/js/Trigger-CxuUq1Ff.mjs.gz                                                      37.46kb / gzip: 12.85kb
dist/D:/Projects/VSProject/Ruoyi/Ruoyi-AI/ruoyi-admin/apps/web-antd/js/user-info-modal-BQQz7P60.mjs.gz                                              1.10kb / gzip: 0.52kb
dist/D:/Projects/VSProject/Ruoyi/Ruoyi-AI/ruoyi-admin/apps/web-antd/js/user-drawer.vue_vue_type_script_setup_true_lang-YL4qDYcF.mjs.gz              4.29kb / gzip: 1.90kb
dist/D:/Projects/VSProject/Ruoyi/Ruoyi-AI/ruoyi-admin/apps/web-antd/js/responsiveObserve-CKY_yQR9.mjs.gz                                            1.05kb / gzip: 0.55kb
dist/D:/Projects/VSProject/Ruoyi/Ruoyi-AI/ruoyi-admin/apps/web-antd/js/user-import-modal.vue_vue_type_script_setup_true_lang-BM8bWTX5.mjs.gz        2.42kb / gzip: 1.40kb
dist/D:/Projects/VSProject/Ruoyi/Ruoyi-AI/ruoyi-admin/apps/web-antd/js/user-reset-pwd-modal-CggoGaFy.mjs.gz                                         1.81kb / gzip: 0.79kb
dist/D:/Projects/VSProject/Ruoyi/Ruoyi-AI/ruoyi-admin/apps/web-antd/js/user-reset-pwd-modal.vue_vue_type_script_setup_true_lang-BrAO7n4N.mjs.gz     1.90kb / gzip: 1.07kb
dist/D:/Projects/VSProject/Ruoyi/Ruoyi-AI/ruoyi-admin/apps/web-antd/js/user-info-modal.vue_vue_type_script_setup_true_lang-C2g-JyjZ.mjs.gz          8.58kb / gzip: 3.58kb
dist/D:/Projects/VSProject/Ruoyi/Ruoyi-AI/ruoyi-admin/apps/web-antd/js/zh-cn-BZlTDQXJ.mjs.gz                                                        1.76kb / gzip: 1.00kb
dist/D:/Projects/VSProject/Ruoyi/Ruoyi-AI/ruoyi-admin/apps/web-antd/js/index.vue_vue_type_script_setup_true_lang-BRlTGczk.mjs.gz                    4.03kb / gzip: 1.90kb
dist/D:/Projects/VSProject/Ruoyi/Ruoyi-AI/ruoyi-admin/apps/web-antd/js/zh-CN-C51LiPny.mjs.gz                                                        8.66kb / gzip: 4.20kb
dist/D:/Projects/VSProject/Ruoyi/Ruoyi-AI/ruoyi-admin/apps/web-antd/tinymce/plugins/accordion/plugin.min.js.gz                                      13.22kb / gzip: 5.02kb
dist/D:/Projects/VSProject/Ruoyi/Ruoyi-AI/ruoyi-admin/apps/web-antd/tinymce/langs/zh_CN.js.gz                                                       18.43kb / gzip: 6.19kb
dist/D:/Projects/VSProject/Ruoyi/Ruoyi-AI/ruoyi-admin/apps/web-antd/tinymce/plugins/advlist/plugin.min.js.gz                                        3.67kb / gzip: 1.56kb
dist/D:/Projects/VSProject/Ruoyi/Ruoyi-AI/ruoyi-admin/apps/web-antd/tinymce/plugins/anchor/plugin.min.js.gz                                         2.63kb / gzip: 1.28kb
dist/D:/Projects/VSProject/Ruoyi/Ruoyi-AI/ruoyi-admin/apps/web-antd/tinymce/plugins/autoresize/plugin.min.js.gz                                     2.44kb / gzip: 1.14kb
dist/D:/Projects/VSProject/Ruoyi/Ruoyi-AI/ruoyi-admin/apps/web-antd/tinymce/plugins/autolink/plugin.min.js.gz                                       3.17kb / gzip: 1.63kb
dist/D:/Projects/VSProject/Ruoyi/Ruoyi-AI/ruoyi-admin/apps/web-antd/tinymce/plugins/autosave/plugin.min.js.gz                                       3.25kb / gzip: 1.39kb
dist/D:/Projects/VSProject/Ruoyi/Ruoyi-AI/ruoyi-admin/apps/web-antd/tinymce/plugins/directionality/plugin.min.js.gz                                 4.47kb / gzip: 1.89kb
dist/D:/Projects/VSProject/Ruoyi/Ruoyi-AI/ruoyi-admin/apps/web-antd/tinymce/plugins/charmap/plugin.min.js.gz                                        10.90kb / gzip: 4.38kb
dist/D:/Projects/VSProject/Ruoyi/Ruoyi-AI/ruoyi-admin/apps/web-antd/tinymce/plugins/emoticons/plugin.min.js.gz                                      6.45kb / gzip: 2.79kb
dist/D:/Projects/VSProject/Ruoyi/Ruoyi-AI/ruoyi-admin/apps/web-antd/tinymce/plugins/codesample/plugin.min.js.gz                                     47.15kb / gzip: 15.31kb
dist/D:/Projects/VSProject/Ruoyi/Ruoyi-AI/ruoyi-admin/apps/web-antd/tinymce/plugins/help/js/i18n/keynav/ar.js.gz                                    6.21kb / gzip: 1.42kb
dist/D:/Projects/VSProject/Ruoyi/Ruoyi-AI/ruoyi-admin/apps/web-antd/tinymce/plugins/help/js/i18n/keynav/bg_BG.js.gz                                 7.01kb / gzip: 1.54kb
dist/D:/Projects/VSProject/Ruoyi/Ruoyi-AI/ruoyi-admin/apps/web-antd/tinymce/plugins/fullscreen/plugin.min.js.gz                                     15.44kb / gzip: 5.83kb
dist/D:/Projects/VSProject/Ruoyi/Ruoyi-AI/ruoyi-admin/apps/web-antd/tinymce/plugins/help/js/i18n/keynav/ca.js.gz                                    4.96kb / gzip: 1.30kb
dist/D:/Projects/VSProject/Ruoyi/Ruoyi-AI/ruoyi-admin/apps/web-antd/tinymce/plugins/help/js/i18n/keynav/cs.js.gz                                    4.90kb / gzip: 1.37kb
dist/D:/Projects/VSProject/Ruoyi/Ruoyi-AI/ruoyi-admin/apps/web-antd/tinymce/plugins/help/js/i18n/keynav/de.js.gz                                    4.99kb / gzip: 1.33kb
dist/D:/Projects/VSProject/Ruoyi/Ruoyi-AI/ruoyi-admin/apps/web-antd/js/useRefs-DXDFWT8O.mjs.gz                                                      3.46kb / gzip: 1.63kb
dist/D:/Projects/VSProject/Ruoyi/Ruoyi-AI/ruoyi-admin/apps/web-antd/tinymce/plugins/help/js/i18n/keynav/el.js.gz                                    7.55kb / gzip: 1.66kb
dist/D:/Projects/VSProject/Ruoyi/Ruoyi-AI/ruoyi-admin/apps/web-antd/tinymce/plugins/help/js/i18n/keynav/en.js.gz                                    3.97kb / gzip: 1.08kb
dist/D:/Projects/VSProject/Ruoyi/Ruoyi-AI/ruoyi-admin/apps/web-antd/tinymce/plugins/help/js/i18n/keynav/fi.js.gz                                    4.84kb / gzip: 1.27kb
dist/D:/Projects/VSProject/Ruoyi/Ruoyi-AI/ruoyi-admin/apps/web-antd/tinymce/plugins/help/js/i18n/keynav/eu.js.gz                                    4.31kb / gzip: 1.10kb
dist/D:/Projects/VSProject/Ruoyi/Ruoyi-AI/ruoyi-admin/apps/web-antd/tinymce/plugins/help/js/i18n/keynav/fa.js.gz                                    5.68kb / gzip: 1.37kb
dist/D:/Projects/VSProject/Ruoyi/Ruoyi-AI/ruoyi-admin/apps/web-antd/tinymce/plugins/help/js/i18n/keynav/es.js.gz                                    4.90kb / gzip: 1.26kb
dist/D:/Projects/VSProject/Ruoyi/Ruoyi-AI/ruoyi-admin/apps/web-antd/tinymce/plugins/help/js/i18n/keynav/he_IL.js.gz                                 5.24kb / gzip: 1.26kb
dist/D:/Projects/VSProject/Ruoyi/Ruoyi-AI/ruoyi-admin/apps/web-antd/tinymce/plugins/help/js/i18n/keynav/hi.js.gz                                    7.15kb / gzip: 1.44kb
dist/D:/Projects/VSProject/Ruoyi/Ruoyi-AI/ruoyi-admin/apps/web-antd/tinymce/plugins/help/js/i18n/keynav/fr_FR.js.gz                                 4.94kb / gzip: 1.33kb
dist/D:/Projects/VSProject/Ruoyi/Ruoyi-AI/ruoyi-admin/apps/web-antd/tinymce/plugins/help/js/i18n/keynav/hr.js.gz                                    4.84kb / gzip: 1.32kb
dist/D:/Projects/VSProject/Ruoyi/Ruoyi-AI/ruoyi-admin/apps/web-antd/tinymce/plugins/help/js/i18n/keynav/id.js.gz                                    4.24kb / gzip: 1.13kb
dist/D:/Projects/VSProject/Ruoyi/Ruoyi-AI/ruoyi-admin/apps/web-antd/tinymce/plugins/help/js/i18n/keynav/hu_HU.js.gz                                 4.81kb / gzip: 1.33kb
dist/D:/Projects/VSProject/Ruoyi/Ruoyi-AI/ruoyi-admin/apps/web-antd/tinymce/plugins/help/js/i18n/keynav/kk.js.gz                                    6.80kb / gzip: 1.53kb
dist/D:/Projects/VSProject/Ruoyi/Ruoyi-AI/ruoyi-admin/apps/web-antd/tinymce/plugins/help/js/i18n/keynav/it.js.gz                                    5.10kb / gzip: 1.29kb
dist/D:/Projects/VSProject/Ruoyi/Ruoyi-AI/ruoyi-admin/apps/web-antd/tinymce/plugins/help/js/i18n/keynav/ko_KR.js.gz                                 4.72kb / gzip: 1.34kb
dist/D:/Projects/VSProject/Ruoyi/Ruoyi-AI/ruoyi-admin/apps/web-antd/tinymce/plugins/help/js/i18n/keynav/ja.js.gz                                    5.02kb / gzip: 1.27kb
dist/D:/Projects/VSProject/Ruoyi/Ruoyi-AI/ruoyi-admin/apps/web-antd/tinymce/plugins/help/js/i18n/keynav/ms.js.gz                                    4.13kb / gzip: 1.11kb
dist/D:/Projects/VSProject/Ruoyi/Ruoyi-AI/ruoyi-admin/apps/web-antd/tinymce/plugins/help/js/i18n/keynav/nb_NO.js.gz                                 4.58kb / gzip: 1.19kb
dist/D:/Projects/VSProject/Ruoyi/Ruoyi-AI/ruoyi-admin/apps/web-antd/tinymce/plugins/help/js/i18n/keynav/nl.js.gz                                    4.50kb / gzip: 1.20kb
dist/D:/Projects/VSProject/Ruoyi/Ruoyi-AI/ruoyi-admin/apps/web-antd/tinymce/plugins/help/js/i18n/keynav/pl.js.gz                                    4.96kb / gzip: 1.37kb
dist/D:/Projects/VSProject/Ruoyi/Ruoyi-AI/ruoyi-admin/apps/web-antd/tinymce/plugins/help/js/i18n/keynav/pt_BR.js.gz                                 4.36kb / gzip: 1.16kb
dist/D:/Projects/VSProject/Ruoyi/Ruoyi-AI/ruoyi-admin/apps/web-antd/tinymce/plugins/help/js/i18n/keynav/ro.js.gz                                    4.95kb / gzip: 1.37kb
dist/D:/Projects/VSProject/Ruoyi/Ruoyi-AI/ruoyi-admin/apps/web-antd/tinymce/plugins/help/js/i18n/keynav/pt_PT.js.gz                                 4.45kb / gzip: 1.19kb
dist/D:/Projects/VSProject/Ruoyi/Ruoyi-AI/ruoyi-admin/apps/web-antd/tinymce/plugins/help/js/i18n/keynav/ru.js.gz                                    6.97kb / gzip: 1.64kb
dist/D:/Projects/VSProject/Ruoyi/Ruoyi-AI/ruoyi-admin/apps/web-antd/tinymce/plugins/help/js/i18n/keynav/sk.js.gz                                    5.00kb / gzip: 1.42kb
dist/D:/Projects/VSProject/Ruoyi/Ruoyi-AI/ruoyi-admin/apps/web-antd/tinymce/plugins/help/js/i18n/keynav/sv_SE.js.gz                                 4.30kb / gzip: 1.16kb
dist/D:/Projects/VSProject/Ruoyi/Ruoyi-AI/ruoyi-admin/apps/web-antd/tinymce/plugins/help/js/i18n/keynav/sl_SI.js.gz                                 4.66kb / gzip: 1.30kb
dist/D:/Projects/VSProject/Ruoyi/Ruoyi-AI/ruoyi-admin/apps/web-antd/tinymce/plugins/help/js/i18n/keynav/th_TH.js.gz                                 7.58kb / gzip: 1.45kb
dist/D:/Projects/VSProject/Ruoyi/Ruoyi-AI/ruoyi-admin/apps/web-antd/tinymce/plugins/help/js/i18n/keynav/tr.js.gz                                    4.61kb / gzip: 1.19kb
dist/D:/Projects/VSProject/Ruoyi/Ruoyi-AI/ruoyi-admin/apps/web-antd/tinymce/plugins/help/js/i18n/keynav/uk.js.gz                                    7.42kb / gzip: 1.64kb
dist/D:/Projects/VSProject/Ruoyi/Ruoyi-AI/ruoyi-admin/apps/web-antd/tinymce/plugins/help/js/i18n/keynav/zh_CN.js.gz                                 3.93kb / gzip: 1.21kb
dist/D:/Projects/VSProject/Ruoyi/Ruoyi-AI/ruoyi-admin/apps/web-antd/tinymce/plugins/help/js/i18n/keynav/vi.js.gz                                    5.11kb / gzip: 1.39kb
dist/D:/Projects/VSProject/Ruoyi/Ruoyi-AI/ruoyi-admin/apps/web-antd/tinymce/plugins/help/js/i18n/keynav/zh_TW.js.gz                                 4.03kb / gzip: 1.24kb
dist/D:/Projects/VSProject/Ruoyi/Ruoyi-AI/ruoyi-admin/apps/web-antd/tinymce/plugins/insertdatetime/plugin.min.js.gz                                 2.97kb / gzip: 1.26kb
dist/D:/Projects/VSProject/Ruoyi/Ruoyi-AI/ruoyi-admin/apps/web-antd/tinymce/plugins/help/plugin.min.js.gz                                           10.54kb / gzip: 3.92kb
dist/D:/Projects/VSProject/Ruoyi/Ruoyi-AI/ruoyi-admin/apps/web-antd/tinymce/plugins/importcss/plugin.min.js.gz                                      4.00kb / gzip: 1.86kb
dist/D:/Projects/VSProject/Ruoyi/Ruoyi-AI/ruoyi-admin/apps/web-antd/tinymce/plugins/image/plugin.min.js.gz                                          19.13kb / gzip: 6.75kb
dist/D:/Projects/VSProject/Ruoyi/Ruoyi-AI/ruoyi-admin/apps/web-antd/tinymce/plugins/link/plugin.min.js.gz                                           16.14kb / gzip: 5.96kb
dist/D:/Projects/VSProject/Ruoyi/Ruoyi-AI/ruoyi-admin/apps/web-antd/tinymce/plugins/nonbreaking/plugin.min.js.gz                                    1.53kb / gzip: 0.77kb
dist/D:/Projects/VSProject/Ruoyi/Ruoyi-AI/ruoyi-admin/apps/web-antd/tinymce/plugins/pagebreak/plugin.min.js.gz                                      1.61kb / gzip: 0.86kb
dist/D:/Projects/VSProject/Ruoyi/Ruoyi-AI/ruoyi-admin/apps/web-antd/tinymce/plugins/media/plugin.min.js.gz                                          17.11kb / gzip: 6.19kb
dist/D:/Projects/VSProject/Ruoyi/Ruoyi-AI/ruoyi-admin/apps/web-antd/tinymce/plugins/save/plugin.min.js.gz                                           1.57kb / gzip: 0.73kb
dist/D:/Projects/VSProject/Ruoyi/Ruoyi-AI/ruoyi-admin/apps/web-antd/tinymce/plugins/preview/plugin.min.js.gz                                        1.68kb / gzip: 0.92kb
dist/D:/Projects/VSProject/Ruoyi/Ruoyi-AI/ruoyi-admin/apps/web-antd/tinymce/plugins/quickbars/plugin.min.js.gz                                      5.08kb / gzip: 2.17kb
dist/D:/Projects/VSProject/Ruoyi/Ruoyi-AI/ruoyi-admin/apps/web-antd/tinymce/plugins/visualblocks/plugin.min.js.gz                                   1.20kb / gzip: 0.57kb
dist/D:/Projects/VSProject/Ruoyi/Ruoyi-AI/ruoyi-admin/apps/web-antd/tinymce/plugins/lists/plugin.min.js.gz                                          27.61kb / gzip: 9.74kb
dist/D:/Projects/VSProject/Ruoyi/Ruoyi-AI/ruoyi-admin/apps/web-antd/tinymce/plugins/searchreplace/plugin.min.js.gz                                  13.10kb / gzip: 5.42kb
dist/D:/Projects/VSProject/Ruoyi/Ruoyi-AI/ruoyi-admin/apps/web-antd/tinymce/plugins/visualchars/plugin.min.js.gz                                    5.73kb / gzip: 2.43kb
dist/D:/Projects/VSProject/Ruoyi/Ruoyi-AI/ruoyi-admin/apps/web-antd/tinymce/skins/content/dark/content.min.css.gz                                   1.19kb / gzip: 0.49kb
dist/D:/Projects/VSProject/Ruoyi/Ruoyi-AI/ruoyi-admin/apps/web-antd/tinymce/skins/content/dark/content.js.gz                                        1.29kb / gzip: 0.54kb
dist/D:/Projects/VSProject/Ruoyi/Ruoyi-AI/ruoyi-admin/apps/web-antd/tinymce/skins/content/default/content.min.css.gz                                1.12kb / gzip: 0.46kb
dist/D:/Projects/VSProject/Ruoyi/Ruoyi-AI/ruoyi-admin/apps/web-antd/tinymce/skins/content/default/content.js.gz                                     1.22kb / gzip: 0.52kb
dist/D:/Projects/VSProject/Ruoyi/Ruoyi-AI/ruoyi-admin/apps/web-antd/tinymce/skins/content/document/content.min.css.gz                               1.22kb / gzip: 0.52kb
dist/D:/Projects/VSProject/Ruoyi/Ruoyi-AI/ruoyi-admin/apps/web-antd/tinymce/plugins/table/plugin.min.js.gz                                          46.87kb / gzip: 13.87kb
dist/D:/Projects/VSProject/Ruoyi/Ruoyi-AI/ruoyi-admin/apps/web-antd/tinymce/skins/content/tinymce-5/content.min.css.gz                              1.12kb / gzip: 0.46kb
dist/D:/Projects/VSProject/Ruoyi/Ruoyi-AI/ruoyi-admin/apps/web-antd/tinymce/skins/content/document/content.js.gz                                    1.32kb / gzip: 0.58kb
dist/D:/Projects/VSProject/Ruoyi/Ruoyi-AI/ruoyi-admin/apps/web-antd/tinymce/skins/content/tinymce-5-dark/content.min.css.gz                         1.19kb / gzip: 0.49kb
dist/D:/Projects/VSProject/Ruoyi/Ruoyi-AI/ruoyi-admin/apps/web-antd/tinymce/skins/content/tinymce-5/content.js.gz                                   1.22kb / gzip: 0.52kb
dist/D:/Projects/VSProject/Ruoyi/Ruoyi-AI/ruoyi-admin/apps/web-antd/tinymce/skins/content/writer/content.min.css.gz                                 1.14kb / gzip: 0.47kb
dist/D:/Projects/VSProject/Ruoyi/Ruoyi-AI/ruoyi-admin/apps/web-antd/tinymce/skins/content/tinymce-5-dark/content.js.gz                              1.30kb / gzip: 0.55kb
dist/D:/Projects/VSProject/Ruoyi/Ruoyi-AI/ruoyi-admin/apps/web-antd/tinymce/skins/content/writer/content.js.gz                                      1.24kb / gzip: 0.53kb
dist/D:/Projects/VSProject/Ruoyi/Ruoyi-AI/ruoyi-admin/apps/web-antd/tinymce/plugins/wordcount/plugin.min.js.gz                                      11.84kb / gzip: 5.20kb
dist/D:/Projects/VSProject/Ruoyi/Ruoyi-AI/ruoyi-admin/apps/web-antd/tinymce/skins/ui/oxide/content.inline.min.css.gz                                23.14kb / gzip: 5.64kb
dist/D:/Projects/VSProject/Ruoyi/Ruoyi-AI/ruoyi-admin/apps/web-antd/tinymce/skins/ui/oxide/content.min.css.gz                                       23.20kb / gzip: 5.66kb
dist/D:/Projects/VSProject/Ruoyi/Ruoyi-AI/ruoyi-admin/apps/web-antd/tinymce/skins/ui/oxide/skin.min.css.gz                                          89.30kb / gzip: 12.97kb
dist/D:/Projects/VSProject/Ruoyi/Ruoyi-AI/ruoyi-admin/apps/web-antd/tinymce/skins/ui/oxide/content.inline.js.gz                                     23.27kb / gzip: 5.71kb
dist/D:/Projects/VSProject/Ruoyi/Ruoyi-AI/ruoyi-admin/apps/web-antd/tinymce/skins/ui/oxide/skin.js.gz                                               89.42kb / gzip: 13.05kb
dist/D:/Projects/VSProject/Ruoyi/Ruoyi-AI/ruoyi-admin/apps/web-antd/tinymce/skins/ui/oxide/content.js.gz                                            23.31kb / gzip: 5.72kb
dist/D:/Projects/VSProject/Ruoyi/Ruoyi-AI/ruoyi-admin/apps/web-antd/tinymce/skins/ui/oxide-dark/content.inline.min.css.gz                           23.14kb / gzip: 5.64kb
dist/D:/Projects/VSProject/Ruoyi/Ruoyi-AI/ruoyi-admin/apps/web-antd/tinymce/skins/ui/oxide-dark/skin.js.gz                                          89.40kb / gzip: 13.06kb
dist/D:/Projects/VSProject/Ruoyi/Ruoyi-AI/ruoyi-admin/apps/web-antd/tinymce/skins/ui/oxide-dark/skin.min.css.gz                                     89.28kb / gzip: 12.98kb
dist/D:/Projects/VSProject/Ruoyi/Ruoyi-AI/ruoyi-admin/apps/web-antd/tinymce/skins/ui/oxide-dark/content.min.css.gz                                  22.82kb / gzip: 5.61kb
dist/D:/Projects/VSProject/Ruoyi/Ruoyi-AI/ruoyi-admin/apps/web-antd/tinymce/skins/ui/oxide-dark/content.inline.js.gz                                23.27kb / gzip: 5.71kb
dist/D:/Projects/VSProject/Ruoyi/Ruoyi-AI/ruoyi-admin/apps/web-antd/tinymce/skins/ui/oxide-dark/content.js.gz                                       22.93kb / gzip: 5.67kb
dist/D:/Projects/VSProject/Ruoyi/Ruoyi-AI/ruoyi-admin/apps/web-antd/tinymce/skins/ui/tinymce-5/content.inline.min.css.gz                            23.14kb / gzip: 5.64kb
dist/D:/Projects/VSProject/Ruoyi/Ruoyi-AI/ruoyi-admin/apps/web-antd/tinymce/skins/ui/tinymce-5/skin.js.gz                                           92.48kb / gzip: 13.57kb
dist/D:/Projects/VSProject/Ruoyi/Ruoyi-AI/ruoyi-admin/apps/web-antd/tinymce/skins/ui/tinymce-5/content.min.css.gz                                   23.20kb / gzip: 5.66kb
dist/D:/Projects/VSProject/Ruoyi/Ruoyi-AI/ruoyi-admin/apps/web-antd/tinymce/skins/ui/tinymce-5/content.js.gz                                        23.32kb / gzip: 5.72kb
dist/D:/Projects/VSProject/Ruoyi/Ruoyi-AI/ruoyi-admin/apps/web-antd/tinymce/skins/ui/tinymce-5/content.inline.js.gz                                 23.27kb / gzip: 5.71kb
dist/D:/Projects/VSProject/Ruoyi/Ruoyi-AI/ruoyi-admin/apps/web-antd/tinymce/skins/ui/tinymce-5-dark/content.inline.min.css.gz                       23.14kb / gzip: 5.64kb
dist/D:/Projects/VSProject/Ruoyi/Ruoyi-AI/ruoyi-admin/apps/web-antd/tinymce/skins/ui/tinymce-5-dark/content.min.css.gz                              22.82kb / gzip: 5.61kb
dist/D:/Projects/VSProject/Ruoyi/Ruoyi-AI/ruoyi-admin/apps/web-antd/tinymce/skins/ui/tinymce-5-dark/skin.js.gz                                      92.36kb / gzip: 13.59kb
dist/D:/Projects/VSProject/Ruoyi/Ruoyi-AI/ruoyi-admin/apps/web-antd/tinymce/skins/ui/tinymce-5-dark/content.inline.js.gz                            23.28kb / gzip: 5.71kb
dist/D:/Projects/VSProject/Ruoyi/Ruoyi-AI/ruoyi-admin/apps/web-antd/css/bootstrap-DTOPB6gi.css.gz                                                   109.58kb / gzip: 18.07kb
dist/D:/Projects/VSProject/Ruoyi/Ruoyi-AI/ruoyi-admin/apps/web-antd/tinymce/skins/ui/tinymce-5-dark/skin.min.css.gz                                 92.23kb / gzip: 13.50kb
dist/D:/Projects/VSProject/Ruoyi/Ruoyi-AI/ruoyi-admin/apps/web-antd/js/post-drawer-Cl2Kv92D.mjs.gz                                                  1.67kb / gzip: 0.74kb
dist/D:/Projects/VSProject/Ruoyi/Ruoyi-AI/ruoyi-admin/apps/web-antd/tinymce/plugins/help/js/i18n/keynav/da.js.gz                                    4.31kb / gzip: 1.18kb
dist/D:/Projects/VSProject/Ruoyi/Ruoyi-AI/ruoyi-admin/apps/web-antd/tinymce/skins/ui/tinymce-5/skin.min.css.gz                                      92.35kb / gzip: 13.48kb
dist/D:/Projects/VSProject/Ruoyi/Ruoyi-AI/ruoyi-admin/apps/web-antd/js/authentication-PVXNmKFe.mjs.gz                                               115.96kb / gzip: 20.40kb
dist/D:/Projects/VSProject/Ruoyi/Ruoyi-AI/ruoyi-admin/apps/web-antd/js/gen-success.vue_vue_type_script_setup_true_lang-h4zCOMbw.mjs.gz              46.37kb / gzip: 17.15kb
dist/D:/Projects/VSProject/Ruoyi/Ruoyi-AI/ruoyi-admin/apps/web-antd/js/index-B-WsVPHD.mjs.gz                                                        57.47kb / gzip: 18.11kb
dist/D:/Projects/VSProject/Ruoyi/Ruoyi-AI/ruoyi-admin/apps/web-antd/js/index-B9BKRmLN.mjs.gz                                                        50.97kb / gzip: 16.54kb
dist/D:/Projects/VSProject/Ruoyi/Ruoyi-AI/ruoyi-admin/apps/web-antd/js/index-CY4pGJKi.mjs.gz                                                        52.90kb / gzip: 18.53kb
dist/D:/Projects/VSProject/Ruoyi/Ruoyi-AI/ruoyi-admin/apps/web-antd/js/profile-panel.vue_vue_type_script_setup_true_lang-9ZBuMpH7.mjs.gz            49.47kb / gzip: 16.06kb
dist/D:/Projects/VSProject/Ruoyi/Ruoyi-AI/ruoyi-admin/apps/web-antd/tinymce/icons/default/icons.min.js.gz                                           70.28kb / gzip: 17.20kb
dist/D:/Projects/VSProject/Ruoyi/Ruoyi-AI/ruoyi-admin/apps/web-antd/tinymce/plugins/emoticons/js/emojis.min.js.gz                                   188.34kb / gzip: 28.24kb
dist/D:/Projects/VSProject/Ruoyi/Ruoyi-AI/ruoyi-admin/apps/web-antd/tinymce/plugins/emoticons/js/emojis.js.gz                                       182.54kb / gzip: 28.50kb
dist/D:/Projects/VSProject/Ruoyi/Ruoyi-AI/ruoyi-admin/apps/web-antd/css/vxe-table-DCXHvXAG.css.gz                                                   190.46kb / gzip: 46.91kb
dist/D:/Projects/VSProject/Ruoyi/Ruoyi-AI/ruoyi-admin/apps/web-antd/js/index-DsyF1-5U.mjs.gz                                                        114.58kb / gzip: 35.32kb
dist/D:/Projects/VSProject/Ruoyi/Ruoyi-AI/ruoyi-admin/apps/web-antd/js/layout.vue_vue_type_script_setup_true_lang-BjCirIC3.mjs.gz                   183.12kb / gzip: 45.52kb
dist/D:/Projects/VSProject/Ruoyi/Ruoyi-AI/ruoyi-admin/apps/web-antd/tinymce/plugins/emoticons/js/emojiimages.js.gz                                  400.50kb / gzip: 35.95kb
dist/D:/Projects/VSProject/Ruoyi/Ruoyi-AI/ruoyi-admin/apps/web-antd/tinymce/models/dom/model.min.js.gz                                              94.59kb / gzip: 32.12kb
dist/D:/Projects/VSProject/Ruoyi/Ruoyi-AI/ruoyi-admin/apps/web-antd/tinymce/plugins/emoticons/js/emojiimages.min.js.gz                              406.34kb / gzip: 35.61kb
dist/D:/Projects/VSProject/Ruoyi/Ruoyi-AI/ruoyi-admin/apps/web-antd/jse/index-index-CulmqKVw.mjs.gz                                                 155.25kb / gzip: 58.18kb
dist/D:/Projects/VSProject/Ruoyi/Ruoyi-AI/ruoyi-admin/apps/web-antd/tinymce/skins/ui/tinymce-5-dark/content.js.gz                                   22.94kb / gzip: 5.68kb
dist/D:/Projects/VSProject/Ruoyi/Ruoyi-AI/ruoyi-admin/apps/web-antd/js/vxe-table-CS5KFeE-.mjs.gz                                                    600.49kb / gzip: 190.93kb
dist/D:/Projects/VSProject/Ruoyi/Ruoyi-AI/ruoyi-admin/apps/web-antd/tinymce/themes/silver/theme.min.js.gz                                           409.89kb / gzip: 133.94kb
dist/D:/Projects/VSProject/Ruoyi/Ruoyi-AI/ruoyi-admin/apps/web-antd/js/code-preview-modal-CV6kOmP5.mjs.gz                                           613.42kb / gzip: 214.49kb
dist/D:/Projects/VSProject/Ruoyi/Ruoyi-AI/ruoyi-admin/apps/web-antd/tinymce/tinymce.min.js.gz                                                       428.52kb / gzip: 150.04kb
dist/D:/Projects/VSProject/Ruoyi/Ruoyi-AI/ruoyi-admin/apps/web-antd/js/use-echarts-2MV22j1u.mjs.gz                                                  695.59kb / gzip: 233.77kb
dist/D:/Projects/VSProject/Ruoyi/Ruoyi-AI/ruoyi-admin/apps/web-antd/js/bootstrap-CIlPtDbU.mjs.gz                                                    964.51kb / gzip: 312.92kb


